c:\users\tovel\perforce\tove_sp7_hemma\friendshipengine\intermediate\game\debug\gamestate.obj
c:\users\tovel\perforce\tove_sp7_hemma\friendshipengine\intermediate\game\debug\levelmanager.obj
c:\users\tovel\perforce\tove_sp7_hemma\friendshipengine\intermediate\game\debug\game_debug.pch
c:\users\tovel\perforce\tove_sp7_hemma\friendshipengine\bin\debug\game_debug.pdb
c:\users\tovel\perforce\tove_sp7_hemma\friendshipengine\bin\debug\game_debug.idb
c:\users\tovel\perforce\tove_sp7_hemma\friendshipengine\intermediate\game\debug\pch.obj
c:\users\tovel\perforce\tove_sp7_hemma\friendshipengine\intermediate\game\debug\menuhandler.obj
c:\users\tovel\perforce\tove_sp7_hemma\friendshipengine\intermediate\game\debug\playersystem.obj
c:\users\tovel\perforce\tove_sp7_hemma\friendshipengine\intermediate\game\debug\bitmask.obj
c:\users\tovel\perforce\tove_sp7_hemma\friendshipengine\intermediate\game\debug\script.obj
c:\users\tovel\perforce\tove_sp7_hemma\friendshipengine\intermediate\game\debug\collisionsystem.obj
c:\users\tovel\perforce\tove_sp7_hemma\friendshipengine\intermediate\game\debug\menubutton.obj
c:\users\tovel\perforce\tove_sp7_hemma\friendshipengine\intermediate\game\debug\eventsystem.obj
c:\users\tovel\perforce\tove_sp7_hemma\friendshipengine\intermediate\game\debug\physxscenemanager.obj
c:\users\tovel\perforce\tove_sp7_hemma\friendshipengine\intermediate\game\debug\pausemenustate.obj
c:\users\tovel\perforce\tove_sp7_hemma\friendshipengine\intermediate\game\debug\unityimporter.obj
c:\users\tovel\perforce\tove_sp7_hemma\friendshipengine\intermediate\game\debug\eventfactory.obj
c:\users\tovel\perforce\tove_sp7_hemma\friendshipengine\intermediate\game\debug\scriptcreationcontext.obj
c:\users\tovel\perforce\tove_sp7_hemma\friendshipengine\intermediate\game\debug\commonnodes.obj
c:\users\tovel\perforce\tove_sp7_hemma\friendshipengine\intermediate\game\debug\scriptnodetyperegistry.obj
c:\users\tovel\perforce\tove_sp7_hemma\friendshipengine\intermediate\game\debug\mainmenustate.obj
c:\users\tovel\perforce\tove_sp7_hemma\friendshipengine\intermediate\game\debug\renderingsystem.obj
c:\users\tovel\perforce\tove_sp7_hemma\friendshipengine\intermediate\game\debug\scriptableeventsystem.obj
c:\users\tovel\perforce\tove_sp7_hemma\friendshipengine\intermediate\game\debug\statemachine.obj
c:\users\tovel\perforce\tove_sp7_hemma\friendshipengine\intermediate\game\debug\menustate.obj
c:\users\tovel\perforce\tove_sp7_hemma\friendshipengine\intermediate\game\debug\scriptmanager.obj
c:\users\tovel\perforce\tove_sp7_hemma\friendshipengine\intermediate\game\debug\animatorsystem.obj
c:\users\tovel\perforce\tove_sp7_hemma\friendshipengine\intermediate\game\debug\camerasystem.obj
c:\users\tovel\perforce\tove_sp7_hemma\friendshipengine\intermediate\game\debug\jsonutility.obj
c:\users\tovel\perforce\tove_sp7_hemma\friendshipengine\intermediate\game\debug\game.obj
c:\users\tovel\perforce\tove_sp7_hemma\friendshipengine\intermediate\game\debug\enemysystem.obj
c:\users\tovel\perforce\tove_sp7_hemma\friendshipengine\intermediate\game\debug\gameapplication.obj
c:\users\tovel\perforce\tove_sp7_hemma\friendshipengine\intermediate\game\debug\scriptruntimeinstance.obj
c:\users\tovel\perforce\tove_sp7_hemma\friendshipengine\intermediate\game\debug\dialoguestate.obj
c:\users\tovel\perforce\tove_sp7_hemma\friendshipengine\intermediate\game\debug\guicommon.obj
c:\users\tovel\perforce\tove_sp7_hemma\friendshipengine\intermediate\game\debug\scriptcommon.obj
c:\users\tovel\perforce\tove_sp7_hemma\friendshipengine\intermediate\game\debug\statestack.obj
c:\users\tovel\perforce\tove_sp7_hemma\friendshipengine\intermediate\game\debug\menuarrowbutton.obj
c:\users\tovel\perforce\tove_sp7_hemma\friendshipengine\intermediate\game\debug\scriptstringregistry.obj
c:\users\tovel\perforce\tove_sp7_hemma\friendshipengine\intermediate\game\debug\introscreenstate.obj
c:\users\tovel\perforce\tove_sp7_hemma\friendshipengine\intermediate\game\debug\physxsystem.obj
c:\users\tovel\perforce\tove_sp7_hemma\friendshipengine\intermediate\game\debug\menuitem.obj
c:\users\tovel\perforce\tove_sp7_hemma\friendshipengine\intermediate\game\debug\scriptexecutioncontext.obj
c:\users\tovel\perforce\tove_sp7_hemma\friendshipengine\intermediate\game\debug\examplenodes.obj
c:\users\tovel\perforce\tove_sp7_hemma\friendshipengine\intermediate\game\debug\projectilesystem.obj
c:\users\tovel\perforce\tove_sp7_hemma\friendshipengine\intermediate\game\debug\hitboxsystem.obj
c:\users\tovel\perforce\tove_sp7_hemma\friendshipengine\intermediate\game\debug\orbsystem.obj
c:\users\tovel\perforce\tove_sp7_hemma\friendshipengine\bin\debug\game_debug.lib
c:\users\tovel\perforce\tove_sp7_hemma\friendshipengine\intermediate\game\debug\..\..\..\bin\debug\game_debug.pdb
c:\users\tovel\perforce\tove_sp7_hemma\friendshipengine\intermediate\game\debug\..\..\..\intermediate\game\debug\game.vcxproj.filelistabsolute.txt
c:\users\tovel\perforce\tove_sp7_hemma\friendshipengine\intermediate\game\debug\game.tlog\cl.command.1.tlog
c:\users\tovel\perforce\tove_sp7_hemma\friendshipengine\intermediate\game\debug\game.tlog\cl.items.tlog
c:\users\tovel\perforce\tove_sp7_hemma\friendshipengine\intermediate\game\debug\game.tlog\cl.read.1.tlog
c:\users\tovel\perforce\tove_sp7_hemma\friendshipengine\intermediate\game\debug\game.tlog\cl.write.1.tlog
c:\users\tovel\perforce\tove_sp7_hemma\friendshipengine\intermediate\game\debug\game.tlog\lib-link.read.1.tlog
c:\users\tovel\perforce\tove_sp7_hemma\friendshipengine\intermediate\game\debug\game.tlog\lib-link.write.1.tlog
c:\users\tovel\perforce\tove_sp7_hemma\friendshipengine\intermediate\game\debug\game.tlog\lib.command.1.tlog
