  ModelViewer.cpp
Engine_Debug.lib(DDSTextureLoader.obj) : warning LNK4099: PDB '' was not found with 'Engine_Debug.lib(DDSTextureLoader.obj)' or at ''; linking object as if no debug info
Engine_Debug.lib(Mouse.obj) : warning LNK4099: PDB '' was not found with 'Engine_Debug.lib(Mouse.obj)' or at ''; linking object as if no debug info
Engine_Debug.lib(pch.obj) : warning LNK4099: PDB '' was not found with 'Engine_Debug.lib(pch.obj)' or at ''; linking object as if no debug info
Engine_Debug.lib(fbxdebug.obj) : warning LNK4099: PDB '' was not found with 'Engine_Debug.lib(fbxdebug.obj)' or at ''; linking object as if no debug info
Engine_Debug.lib(fbxstatus.obj) : warning LNK4099: PDB '' was not found with 'Engine_Debug.lib(fbxstatus.obj)' or at ''; linking object as if no debug info
Engine_Debug.lib(fbxvector2.obj) : warning LNK4099: PDB '' was not found with 'Engine_Debug.lib(fbxvector2.obj)' or at ''; linking object as if no debug info
Engine_Debug.lib(fbxvector4.obj) : warning LNK4099: PDB '' was not found with 'Engine_Debug.lib(fbxvector4.obj)' or at ''; linking object as if no debug info
Engine_Debug.lib(fbxaffinematrix.obj) : warning LNK4099: PDB '' was not found with 'Engine_Debug.lib(fbxaffinematrix.obj)' or at ''; linking object as if no debug info
Engine_Debug.lib(fbxpropertytypes.obj) : warning LNK4099: PDB '' was not found with 'Engine_Debug.lib(fbxpropertytypes.obj)' or at ''; linking object as if no debug info
Engine_Debug.lib(fbxobject.obj) : warning LNK4099: PDB '' was not found with 'Engine_Debug.lib(fbxobject.obj)' or at ''; linking object as if no debug info
Engine_Debug.lib(fbxmanager.obj) : warning LNK4099: PDB '' was not found with 'Engine_Debug.lib(fbxmanager.obj)' or at ''; linking object as if no debug info
Engine_Debug.lib(fbxiosettings.obj) : warning LNK4099: PDB '' was not found with 'Engine_Debug.lib(fbxiosettings.obj)' or at ''; linking object as if no debug info
Engine_Debug.lib(fbxaxissystem.obj) : warning LNK4099: PDB '' was not found with 'Engine_Debug.lib(fbxaxissystem.obj)' or at ''; linking object as if no debug info
Engine_Debug.lib(fbximporter.obj) : warning LNK4099: PDB '' was not found with 'Engine_Debug.lib(fbximporter.obj)' or at ''; linking object as if no debug info
Engine_Debug.lib(fbxnode.obj) : warning LNK4099: PDB '' was not found with 'Engine_Debug.lib(fbxnode.obj)' or at ''; linking object as if no debug info
Engine_Debug.lib(fbxlayer.obj) : warning LNK4099: PDB '' was not found with 'Engine_Debug.lib(fbxlayer.obj)' or at ''; linking object as if no debug info
Engine_Debug.lib(fbxscene.obj) : warning LNK4099: PDB '' was not found with 'Engine_Debug.lib(fbxscene.obj)' or at ''; linking object as if no debug info
Engine_Debug.lib(fbxcluster.obj) : warning LNK4099: PDB '' was not found with 'Engine_Debug.lib(fbxcluster.obj)' or at ''; linking object as if no debug info
Engine_Debug.lib(fbxgeometrybase.obj) : warning LNK4099: PDB '' was not found with 'Engine_Debug.lib(fbxgeometrybase.obj)' or at ''; linking object as if no debug info
Engine_Debug.lib(fbxgeometry.obj) : warning LNK4099: PDB '' was not found with 'Engine_Debug.lib(fbxgeometry.obj)' or at ''; linking object as if no debug info
Engine_Debug.lib(fbxmesh.obj) : warning LNK4099: PDB '' was not found with 'Engine_Debug.lib(fbxmesh.obj)' or at ''; linking object as if no debug info
Engine_Debug.lib(fbxskin.obj) : warning LNK4099: PDB '' was not found with 'Engine_Debug.lib(fbxskin.obj)' or at ''; linking object as if no debug info
Engine_Debug.lib(fbxgeometryconverter.obj) : warning LNK4099: PDB '' was not found with 'Engine_Debug.lib(fbxgeometryconverter.obj)' or at ''; linking object as if no debug info
Engine_Debug.lib(fbxalloc.obj) : warning LNK4099: PDB '' was not found with 'Engine_Debug.lib(fbxalloc.obj)' or at ''; linking object as if no debug info
Engine_Debug.lib(fbxstring.obj) : warning LNK4099: PDB '' was not found with 'Engine_Debug.lib(fbxstring.obj)' or at ''; linking object as if no debug info
Engine_Debug.lib(fbxtime.obj) : warning LNK4099: PDB '' was not found with 'Engine_Debug.lib(fbxtime.obj)' or at ''; linking object as if no debug info
Engine_Debug.lib(fbxdocument.obj) : warning LNK4099: PDB '' was not found with 'Engine_Debug.lib(fbxdocument.obj)' or at ''; linking object as if no debug info
Engine_Debug.lib(fbxglobalsettings.obj) : warning LNK4099: PDB '' was not found with 'Engine_Debug.lib(fbxglobalsettings.obj)' or at ''; linking object as if no debug info
Engine_Debug.lib(fbxutils.obj) : warning LNK4099: PDB '' was not found with 'Engine_Debug.lib(fbxutils.obj)' or at ''; linking object as if no debug info
Engine_Debug.lib(fbxquaternion.obj) : warning LNK4099: PDB '' was not found with 'Engine_Debug.lib(fbxquaternion.obj)' or at ''; linking object as if no debug info
Engine_Debug.lib(fbxmath.obj) : warning LNK4099: PDB '' was not found with 'Engine_Debug.lib(fbxmath.obj)' or at ''; linking object as if no debug info
Engine_Debug.lib(fbxsystemunit.obj) : warning LNK4099: PDB '' was not found with 'Engine_Debug.lib(fbxsystemunit.obj)' or at ''; linking object as if no debug info
Engine_Debug.lib(fbxclassid.obj) : warning LNK4099: PDB '' was not found with 'Engine_Debug.lib(fbxclassid.obj)' or at ''; linking object as if no debug info
Engine_Debug.lib(fbxquery.obj) : warning LNK4099: PDB '' was not found with 'Engine_Debug.lib(fbxquery.obj)' or at ''; linking object as if no debug info
Engine_Debug.lib(fbxevents.obj) : warning LNK4099: PDB '' was not found with 'Engine_Debug.lib(fbxevents.obj)' or at ''; linking object as if no debug info
Engine_Debug.lib(fbxemitter.obj) : warning LNK4099: PDB '' was not found with 'Engine_Debug.lib(fbxemitter.obj)' or at ''; linking object as if no debug info
Engine_Debug.lib(fbxpropertyhandle.obj) : warning LNK4099: PDB '' was not found with 'Engine_Debug.lib(fbxpropertyhandle.obj)' or at ''; linking object as if no debug info
Engine_Debug.lib(fbxdatatypes.obj) : warning LNK4099: PDB '' was not found with 'Engine_Debug.lib(fbxdatatypes.obj)' or at ''; linking object as if no debug info
Engine_Debug.lib(fbxproperty.obj) : warning LNK4099: PDB '' was not found with 'Engine_Debug.lib(fbxproperty.obj)' or at ''; linking object as if no debug info
Engine_Debug.lib(fbxstringlist.obj) : warning LNK4099: PDB '' was not found with 'Engine_Debug.lib(fbxstringlist.obj)' or at ''; linking object as if no debug info
Engine_Debug.lib(fbxnamehandler.obj) : warning LNK4099: PDB '' was not found with 'Engine_Debug.lib(fbxnamehandler.obj)' or at ''; linking object as if no debug info
Engine_Debug.lib(fbximplementation.obj) : warning LNK4099: PDB '' was not found with 'Engine_Debug.lib(fbximplementation.obj)' or at ''; linking object as if no debug info
Engine_Debug.lib(fbxlibrary.obj) : warning LNK4099: PDB '' was not found with 'Engine_Debug.lib(fbxlibrary.obj)' or at ''; linking object as if no debug info
Engine_Debug.lib(parser.obj) : warning LNK4099: PDB '' was not found with 'Engine_Debug.lib(parser.obj)' or at ''; linking object as if no debug info
Engine_Debug.lib(fbxcharptrset.obj) : warning LNK4099: PDB '' was not found with 'Engine_Debug.lib(fbxcharptrset.obj)' or at ''; linking object as if no debug info
Engine_Debug.lib(fbxmatrix.obj) : warning LNK4099: PDB '' was not found with 'Engine_Debug.lib(fbxmatrix.obj)' or at ''; linking object as if no debug info
Engine_Debug.lib(fbxplugin.obj) : warning LNK4099: PDB '' was not found with 'Engine_Debug.lib(fbxplugin.obj)' or at ''; linking object as if no debug info
Engine_Debug.lib(fbxplugincontainer.obj) : warning LNK4099: PDB '' was not found with 'Engine_Debug.lib(fbxplugincontainer.obj)' or at ''; linking object as if no debug info
Engine_Debug.lib(fbxloadingstrategy.obj) : warning LNK4099: PDB '' was not found with 'Engine_Debug.lib(fbxloadingstrategy.obj)' or at ''; linking object as if no debug info
Engine_Debug.lib(fbxsymbol.obj) : warning LNK4099: PDB '' was not found with 'Engine_Debug.lib(fbxsymbol.obj)' or at ''; linking object as if no debug info
Engine_Debug.lib(fbxscopedloadingdirectory.obj) : warning LNK4099: PDB '' was not found with 'Engine_Debug.lib(fbxscopedloadingdirectory.obj)' or at ''; linking object as if no debug info
Engine_Debug.lib(fbxscopedloadingfilename.obj) : warning LNK4099: PDB '' was not found with 'Engine_Debug.lib(fbxscopedloadingfilename.obj)' or at ''; linking object as if no debug info
Engine_Debug.lib(fbxxref.obj) : warning LNK4099: PDB '' was not found with 'Engine_Debug.lib(fbxxref.obj)' or at ''; linking object as if no debug info
Engine_Debug.lib(fbxiobase.obj) : warning LNK4099: PDB '' was not found with 'Engine_Debug.lib(fbxiobase.obj)' or at ''; linking object as if no debug info
Engine_Debug.lib(fbxexporter.obj) : warning LNK4099: PDB '' was not found with 'Engine_Debug.lib(fbxexporter.obj)' or at ''; linking object as if no debug info
Engine_Debug.lib(fbxcallbacks.obj) : warning LNK4099: PDB '' was not found with 'Engine_Debug.lib(fbxcallbacks.obj)' or at ''; linking object as if no debug info
Engine_Debug.lib(fbxio.obj) : warning LNK4099: PDB '' was not found with 'Engine_Debug.lib(fbxio.obj)' or at ''; linking object as if no debug info
Engine_Debug.lib(fbxiopluginregistry.obj) : warning LNK4099: PDB '' was not found with 'Engine_Debug.lib(fbxiopluginregistry.obj)' or at ''; linking object as if no debug info
Engine_Debug.lib(fbxaudio.obj) : warning LNK4099: PDB '' was not found with 'Engine_Debug.lib(fbxaudio.obj)' or at ''; linking object as if no debug info
Engine_Debug.lib(fbxcollection.obj) : warning LNK4099: PDB '' was not found with 'Engine_Debug.lib(fbxcollection.obj)' or at ''; linking object as if no debug info
Engine_Debug.lib(fbxaudiolayer.obj) : warning LNK4099: PDB '' was not found with 'Engine_Debug.lib(fbxaudiolayer.obj)' or at ''; linking object as if no debug info
Engine_Debug.lib(fbxcollectionexclusive.obj) : warning LNK4099: PDB '' was not found with 'Engine_Debug.lib(fbxcollectionexclusive.obj)' or at ''; linking object as if no debug info
Engine_Debug.lib(fbxcontainertemplate.obj) : warning LNK4099: PDB '' was not found with 'Engine_Debug.lib(fbxcontainertemplate.obj)' or at ''; linking object as if no debug info
Engine_Debug.lib(fbxcontainer.obj) : warning LNK4099: PDB '' was not found with 'Engine_Debug.lib(fbxcontainer.obj)' or at ''; linking object as if no debug info
Engine_Debug.lib(fbxdisplaylayer.obj) : warning LNK4099: PDB '' was not found with 'Engine_Debug.lib(fbxdisplaylayer.obj)' or at ''; linking object as if no debug info
Engine_Debug.lib(fbxdocumentinfo.obj) : warning LNK4099: PDB '' was not found with 'Engine_Debug.lib(fbxdocumentinfo.obj)' or at ''; linking object as if no debug info
Engine_Debug.lib(fbxenvironment.obj) : warning LNK4099: PDB '' was not found with 'Engine_Debug.lib(fbxenvironment.obj)' or at ''; linking object as if no debug info
Engine_Debug.lib(fbxobjectmetadata.obj) : warning LNK4099: PDB '' was not found with 'Engine_Debug.lib(fbxobjectmetadata.obj)' or at ''; linking object as if no debug info
Engine_Debug.lib(fbxpose.obj) : warning LNK4099: PDB '' was not found with 'Engine_Debug.lib(fbxpose.obj)' or at ''; linking object as if no debug info
Engine_Debug.lib(fbxreference.obj) : warning LNK4099: PDB '' was not found with 'Engine_Debug.lib(fbxreference.obj)' or at ''; linking object as if no debug info
Engine_Debug.lib(fbxanimstack.obj) : warning LNK4099: PDB '' was not found with 'Engine_Debug.lib(fbxanimstack.obj)' or at ''; linking object as if no debug info
Engine_Debug.lib(fbxanimevaluator.obj) : warning LNK4099: PDB '' was not found with 'Engine_Debug.lib(fbxanimevaluator.obj)' or at ''; linking object as if no debug info
Engine_Debug.lib(fbxsurfacematerial.obj) : warning LNK4099: PDB '' was not found with 'Engine_Debug.lib(fbxsurfacematerial.obj)' or at ''; linking object as if no debug info
Engine_Debug.lib(fbxtexture.obj) : warning LNK4099: PDB '' was not found with 'Engine_Debug.lib(fbxtexture.obj)' or at ''; linking object as if no debug info
Engine_Debug.lib(fbxnodeattribute.obj) : warning LNK4099: PDB '' was not found with 'Engine_Debug.lib(fbxnodeattribute.obj)' or at ''; linking object as if no debug info
Engine_Debug.lib(fbxselectionnode.obj) : warning LNK4099: PDB '' was not found with 'Engine_Debug.lib(fbxselectionnode.obj)' or at ''; linking object as if no debug info
Engine_Debug.lib(fbxselectionset.obj) : warning LNK4099: PDB '' was not found with 'Engine_Debug.lib(fbxselectionset.obj)' or at ''; linking object as if no debug info
Engine_Debug.lib(fbxthumbnail.obj) : warning LNK4099: PDB '' was not found with 'Engine_Debug.lib(fbxthumbnail.obj)' or at ''; linking object as if no debug info
Engine_Debug.lib(fbxvideo.obj) : warning LNK4099: PDB '' was not found with 'Engine_Debug.lib(fbxvideo.obj)' or at ''; linking object as if no debug info
Engine_Debug.lib(fbxanimcurve.obj) : warning LNK4099: PDB '' was not found with 'Engine_Debug.lib(fbxanimcurve.obj)' or at ''; linking object as if no debug info
Engine_Debug.lib(fbxanimcurvenode.obj) : warning LNK4099: PDB '' was not found with 'Engine_Debug.lib(fbxanimcurvenode.obj)' or at ''; linking object as if no debug info
Engine_Debug.lib(fbxanimlayer.obj) : warning LNK4099: PDB '' was not found with 'Engine_Debug.lib(fbxanimlayer.obj)' or at ''; linking object as if no debug info
Engine_Debug.lib(fbxanimevalclassic.obj) : warning LNK4099: PDB '' was not found with 'Engine_Debug.lib(fbxanimevalclassic.obj)' or at ''; linking object as if no debug info
Engine_Debug.lib(fbxconstraint.obj) : warning LNK4099: PDB '' was not found with 'Engine_Debug.lib(fbxconstraint.obj)' or at ''; linking object as if no debug info
Engine_Debug.lib(fbxcharacter.obj) : warning LNK4099: PDB '' was not found with 'Engine_Debug.lib(fbxcharacter.obj)' or at ''; linking object as if no debug info
Engine_Debug.lib(fbxcharacterpose.obj) : warning LNK4099: PDB '' was not found with 'Engine_Debug.lib(fbxcharacterpose.obj)' or at ''; linking object as if no debug info
Engine_Debug.lib(fbxconstraintaim.obj) : warning LNK4099: PDB '' was not found with 'Engine_Debug.lib(fbxconstraintaim.obj)' or at ''; linking object as if no debug info
Engine_Debug.lib(fbxconstraintcustom.obj) : warning LNK4099: PDB '' was not found with 'Engine_Debug.lib(fbxconstraintcustom.obj)' or at ''; linking object as if no debug info
Engine_Debug.lib(fbxconstraintparent.obj) : warning LNK4099: PDB '' was not found with 'Engine_Debug.lib(fbxconstraintparent.obj)' or at ''; linking object as if no debug info
Engine_Debug.lib(fbxconstraintposition.obj) : warning LNK4099: PDB '' was not found with 'Engine_Debug.lib(fbxconstraintposition.obj)' or at ''; linking object as if no debug info
Engine_Debug.lib(fbxconstraintrotation.obj) : warning LNK4099: PDB '' was not found with 'Engine_Debug.lib(fbxconstraintrotation.obj)' or at ''; linking object as if no debug info
Engine_Debug.lib(fbxconstraintscale.obj) : warning LNK4099: PDB '' was not found with 'Engine_Debug.lib(fbxconstraintscale.obj)' or at ''; linking object as if no debug info
Engine_Debug.lib(fbxconstraintsinglechainik.obj) : warning LNK4099: PDB '' was not found with 'Engine_Debug.lib(fbxconstraintsinglechainik.obj)' or at ''; linking object as if no debug info
Engine_Debug.lib(fbxcontrolset.obj) : warning LNK4099: PDB '' was not found with 'Engine_Debug.lib(fbxcontrolset.obj)' or at ''; linking object as if no debug info
Engine_Debug.lib(fbxdeformer.obj) : warning LNK4099: PDB '' was not found with 'Engine_Debug.lib(fbxdeformer.obj)' or at ''; linking object as if no debug info
Engine_Debug.lib(fbxblendshape.obj) : warning LNK4099: PDB '' was not found with 'Engine_Debug.lib(fbxblendshape.obj)' or at ''; linking object as if no debug info
Engine_Debug.lib(fbxsubdeformer.obj) : warning LNK4099: PDB '' was not found with 'Engine_Debug.lib(fbxsubdeformer.obj)' or at ''; linking object as if no debug info
Engine_Debug.lib(fbxblendshapechannel.obj) : warning LNK4099: PDB '' was not found with 'Engine_Debug.lib(fbxblendshapechannel.obj)' or at ''; linking object as if no debug info
Engine_Debug.lib(fbxcache.obj) : warning LNK4099: PDB '' was not found with 'Engine_Debug.lib(fbxcache.obj)' or at ''; linking object as if no debug info
Engine_Debug.lib(fbxcachedeffect.obj) : warning LNK4099: PDB '' was not found with 'Engine_Debug.lib(fbxcachedeffect.obj)' or at ''; linking object as if no debug info
Engine_Debug.lib(fbxcamera.obj) : warning LNK4099: PDB '' was not found with 'Engine_Debug.lib(fbxcamera.obj)' or at ''; linking object as if no debug info
Engine_Debug.lib(fbxcamerastereo.obj) : warning LNK4099: PDB '' was not found with 'Engine_Debug.lib(fbxcamerastereo.obj)' or at ''; linking object as if no debug info
Engine_Debug.lib(fbxcameraswitcher.obj) : warning LNK4099: PDB '' was not found with 'Engine_Debug.lib(fbxcameraswitcher.obj)' or at ''; linking object as if no debug info
Engine_Debug.lib(fbxgenericnode.obj) : warning LNK4099: PDB '' was not found with 'Engine_Debug.lib(fbxgenericnode.obj)' or at ''; linking object as if no debug info
Engine_Debug.lib(fbxlayercontainer.obj) : warning LNK4099: PDB '' was not found with 'Engine_Debug.lib(fbxlayercontainer.obj)' or at ''; linking object as if no debug info
Engine_Debug.lib(fbxshape.obj) : warning LNK4099: PDB '' was not found with 'Engine_Debug.lib(fbxshape.obj)' or at ''; linking object as if no debug info
Engine_Debug.lib(fbxgeometryweightedmap.obj) : warning LNK4099: PDB '' was not found with 'Engine_Debug.lib(fbxgeometryweightedmap.obj)' or at ''; linking object as if no debug info
Engine_Debug.lib(fbxlight.obj) : warning LNK4099: PDB '' was not found with 'Engine_Debug.lib(fbxlight.obj)' or at ''; linking object as if no debug info
Engine_Debug.lib(fbxline.obj) : warning LNK4099: PDB '' was not found with 'Engine_Debug.lib(fbxline.obj)' or at ''; linking object as if no debug info
Engine_Debug.lib(fbxlodgroup.obj) : warning LNK4099: PDB '' was not found with 'Engine_Debug.lib(fbxlodgroup.obj)' or at ''; linking object as if no debug info
Engine_Debug.lib(fbxmarker.obj) : warning LNK4099: PDB '' was not found with 'Engine_Debug.lib(fbxmarker.obj)' or at ''; linking object as if no debug info
Engine_Debug.lib(fbxnull.obj) : warning LNK4099: PDB '' was not found with 'Engine_Debug.lib(fbxnull.obj)' or at ''; linking object as if no debug info
Engine_Debug.lib(fbxnurbs.obj) : warning LNK4099: PDB '' was not found with 'Engine_Debug.lib(fbxnurbs.obj)' or at ''; linking object as if no debug info
Engine_Debug.lib(fbxnurbscurve.obj) : warning LNK4099: PDB '' was not found with 'Engine_Debug.lib(fbxnurbscurve.obj)' or at ''; linking object as if no debug info
Engine_Debug.lib(fbxnurbssurface.obj) : warning LNK4099: PDB '' was not found with 'Engine_Debug.lib(fbxnurbssurface.obj)' or at ''; linking object as if no debug info
Engine_Debug.lib(fbxopticalreference.obj) : warning LNK4099: PDB '' was not found with 'Engine_Debug.lib(fbxopticalreference.obj)' or at ''; linking object as if no debug info
Engine_Debug.lib(fbxpatch.obj) : warning LNK4099: PDB '' was not found with 'Engine_Debug.lib(fbxpatch.obj)' or at ''; linking object as if no debug info
Engine_Debug.lib(fbxproceduralgeometry.obj) : warning LNK4099: PDB '' was not found with 'Engine_Debug.lib(fbxproceduralgeometry.obj)' or at ''; linking object as if no debug info
Engine_Debug.lib(fbxskeleton.obj) : warning LNK4099: PDB '' was not found with 'Engine_Debug.lib(fbxskeleton.obj)' or at ''; linking object as if no debug info
Engine_Debug.lib(fbxsubdiv.obj) : warning LNK4099: PDB '' was not found with 'Engine_Debug.lib(fbxsubdiv.obj)' or at ''; linking object as if no debug info
Engine_Debug.lib(fbxtrimnurbssurface.obj) : warning LNK4099: PDB '' was not found with 'Engine_Debug.lib(fbxtrimnurbssurface.obj)' or at ''; linking object as if no debug info
Engine_Debug.lib(fbxvertexcachedeformer.obj) : warning LNK4099: PDB '' was not found with 'Engine_Debug.lib(fbxvertexcachedeformer.obj)' or at ''; linking object as if no debug info
Engine_Debug.lib(fbxbindingtable.obj) : warning LNK4099: PDB '' was not found with 'Engine_Debug.lib(fbxbindingtable.obj)' or at ''; linking object as if no debug info
Engine_Debug.lib(fbxbindingoperator.obj) : warning LNK4099: PDB '' was not found with 'Engine_Debug.lib(fbxbindingoperator.obj)' or at ''; linking object as if no debug info
Engine_Debug.lib(fbxfiletexture.obj) : warning LNK4099: PDB '' was not found with 'Engine_Debug.lib(fbxfiletexture.obj)' or at ''; linking object as if no debug info
Engine_Debug.lib(fbxlayeredtexture.obj) : warning LNK4099: PDB '' was not found with 'Engine_Debug.lib(fbxlayeredtexture.obj)' or at ''; linking object as if no debug info
Engine_Debug.lib(fbxproceduraltexture.obj) : warning LNK4099: PDB '' was not found with 'Engine_Debug.lib(fbxproceduraltexture.obj)' or at ''; linking object as if no debug info
Engine_Debug.lib(fbxsurfacelambert.obj) : warning LNK4099: PDB '' was not found with 'Engine_Debug.lib(fbxsurfacelambert.obj)' or at ''; linking object as if no debug info
Engine_Debug.lib(fbxsurfacephong.obj) : warning LNK4099: PDB '' was not found with 'Engine_Debug.lib(fbxsurfacephong.obj)' or at ''; linking object as if no debug info
Engine_Debug.lib(fbxprocessor.obj) : warning LNK4099: PDB '' was not found with 'Engine_Debug.lib(fbxprocessor.obj)' or at ''; linking object as if no debug info
Engine_Debug.lib(fbxprocessorxref.obj) : warning LNK4099: PDB '' was not found with 'Engine_Debug.lib(fbxprocessorxref.obj)' or at ''; linking object as if no debug info
Engine_Debug.lib(fbxprocessorxrefuserlib.obj) : warning LNK4099: PDB '' was not found with 'Engine_Debug.lib(fbxprocessorxrefuserlib.obj)' or at ''; linking object as if no debug info
Engine_Debug.lib(fbxprocessorshaderdependency.obj) : warning LNK4099: PDB '' was not found with 'Engine_Debug.lib(fbxprocessorshaderdependency.obj)' or at ''; linking object as if no debug info
Engine_Debug.lib(fbxmanipulators.obj) : warning LNK4099: PDB '' was not found with 'Engine_Debug.lib(fbxmanipulators.obj)' or at ''; linking object as if no debug info
Engine_Debug.lib(fbxusernotification.obj) : warning LNK4099: PDB '' was not found with 'Engine_Debug.lib(fbxusernotification.obj)' or at ''; linking object as if no debug info
Engine_Debug.lib(fbxalembicinterface.obj) : warning LNK4099: PDB '' was not found with 'Engine_Debug.lib(fbxalembicinterface.obj)' or at ''; linking object as if no debug info
Engine_Debug.lib(kfcurve.obj) : warning LNK4099: PDB '' was not found with 'Engine_Debug.lib(kfcurve.obj)' or at ''; linking object as if no debug info
Engine_Debug.lib(fbxanimcurvekfcurve.obj) : warning LNK4099: PDB '' was not found with 'Engine_Debug.lib(fbxanimcurvekfcurve.obj)' or at ''; linking object as if no debug info
Engine_Debug.lib(fbxlocale.obj) : warning LNK4099: PDB '' was not found with 'Engine_Debug.lib(fbxlocale.obj)' or at ''; linking object as if no debug info
Engine_Debug.lib(fbxmessage.obj) : warning LNK4099: PDB '' was not found with 'Engine_Debug.lib(fbxmessage.obj)' or at ''; linking object as if no debug info
Engine_Debug.lib(fbxlog.obj) : warning LNK4099: PDB '' was not found with 'Engine_Debug.lib(fbxlog.obj)' or at ''; linking object as if no debug info
Engine_Debug.lib(fbxperipheral.obj) : warning LNK4099: PDB '' was not found with 'Engine_Debug.lib(fbxperipheral.obj)' or at ''; linking object as if no debug info
Engine_Debug.lib(fbxmediaclip.obj) : warning LNK4099: PDB '' was not found with 'Engine_Debug.lib(fbxmediaclip.obj)' or at ''; linking object as if no debug info
Engine_Debug.lib(fbxanimcurvebase.obj) : warning LNK4099: PDB '' was not found with 'Engine_Debug.lib(fbxanimcurvebase.obj)' or at ''; linking object as if no debug info
Engine_Debug.lib(fbxbindingtablebase.obj) : warning LNK4099: PDB '' was not found with 'Engine_Debug.lib(fbxbindingtablebase.obj)' or at ''; linking object as if no debug info
Engine_Debug.lib(fbxfile.obj) : warning LNK4099: PDB '' was not found with 'Engine_Debug.lib(fbxfile.obj)' or at ''; linking object as if no debug info
Engine_Debug.lib(xmlstring.obj) : warning LNK4099: PDB '' was not found with 'Engine_Debug.lib(xmlstring.obj)' or at ''; linking object as if no debug info
Engine_Debug.lib(tree.obj) : warning LNK4099: PDB '' was not found with 'Engine_Debug.lib(tree.obj)' or at ''; linking object as if no debug info
Engine_Debug.lib(xmlsave.obj) : warning LNK4099: PDB '' was not found with 'Engine_Debug.lib(xmlsave.obj)' or at ''; linking object as if no debug info
Engine_Debug.lib(globals.obj) : warning LNK4099: PDB '' was not found with 'Engine_Debug.lib(globals.obj)' or at ''; linking object as if no debug info
Engine_Debug.lib(fbxtransforms.obj) : warning LNK4099: PDB '' was not found with 'Engine_Debug.lib(fbxtransforms.obj)' or at ''; linking object as if no debug info
Engine_Debug.lib(fbxobjectscontainer.obj) : warning LNK4099: PDB '' was not found with 'Engine_Debug.lib(fbxobjectscontainer.obj)' or at ''; linking object as if no debug info
Engine_Debug.lib(fbxlimitsutilities.obj) : warning LNK4099: PDB '' was not found with 'Engine_Debug.lib(fbxlimitsutilities.obj)' or at ''; linking object as if no debug info
Engine_Debug.lib(fbxrootnodeutility.obj) : warning LNK4099: PDB '' was not found with 'Engine_Debug.lib(fbxrootnodeutility.obj)' or at ''; linking object as if no debug info
Engine_Debug.lib(fbxanimcurvefilter.obj) : warning LNK4099: PDB '' was not found with 'Engine_Debug.lib(fbxanimcurvefilter.obj)' or at ''; linking object as if no debug info
Engine_Debug.lib(fbxanimcurvefilterunroll.obj) : warning LNK4099: PDB '' was not found with 'Engine_Debug.lib(fbxanimcurvefilterunroll.obj)' or at ''; linking object as if no debug info
Engine_Debug.lib(fbxthread.obj) : warning LNK4099: PDB '' was not found with 'Engine_Debug.lib(fbxthread.obj)' or at ''; linking object as if no debug info
Engine_Debug.lib(fbxtakeinfo.obj) : warning LNK4099: PDB '' was not found with 'Engine_Debug.lib(fbxtakeinfo.obj)' or at ''; linking object as if no debug info
Engine_Debug.lib(fbxprogress.obj) : warning LNK4099: PDB '' was not found with 'Engine_Debug.lib(fbxprogress.obj)' or at ''; linking object as if no debug info
Engine_Debug.lib(fbxstatistics.obj) : warning LNK4099: PDB '' was not found with 'Engine_Debug.lib(fbxstatistics.obj)' or at ''; linking object as if no debug info
Engine_Debug.lib(fbxreaderfbx5.obj) : warning LNK4099: PDB '' was not found with 'Engine_Debug.lib(fbxreaderfbx5.obj)' or at ''; linking object as if no debug info
Engine_Debug.lib(fbxanimcurvefiltermatrixconverter.obj) : warning LNK4099: PDB '' was not found with 'Engine_Debug.lib(fbxanimcurvefiltermatrixconverter.obj)' or at ''; linking object as if no debug info
Engine_Debug.lib(fbxdeformationsevaluator.obj) : warning LNK4099: PDB '' was not found with 'Engine_Debug.lib(fbxdeformationsevaluator.obj)' or at ''; linking object as if no debug info
Engine_Debug.lib(fbxgloballightsettings.obj) : warning LNK4099: PDB '' was not found with 'Engine_Debug.lib(fbxgloballightsettings.obj)' or at ''; linking object as if no debug info
Engine_Debug.lib(fbxglobalcamerasettings.obj) : warning LNK4099: PDB '' was not found with 'Engine_Debug.lib(fbxglobalcamerasettings.obj)' or at ''; linking object as if no debug info
Engine_Debug.lib(fbxmultimap.obj) : warning LNK4099: PDB '' was not found with 'Engine_Debug.lib(fbxmultimap.obj)' or at ''; linking object as if no debug info
Engine_Debug.lib(fbxanimcurvefilterconstkeyredu.obj) : warning LNK4099: PDB '' was not found with 'Engine_Debug.lib(fbxanimcurvefilterconstkeyredu.obj)' or at ''; linking object as if no debug info
Engine_Debug.lib(fbxanimcurvefilterscalecompensate.obj) : warning LNK4099: PDB '' was not found with 'Engine_Debug.lib(fbxanimcurvefilterscalecompensate.obj)' or at ''; linking object as if no debug info
Engine_Debug.lib(fbxanimcurvefilterscale.obj) : warning LNK4099: PDB '' was not found with 'Engine_Debug.lib(fbxanimcurvefilterscale.obj)' or at ''; linking object as if no debug info
Engine_Debug.lib(fbxclonemanager.obj) : warning LNK4099: PDB '' was not found with 'Engine_Debug.lib(fbxclonemanager.obj)' or at ''; linking object as if no debug info
Engine_Debug.lib(fbxbitset.obj) : warning LNK4099: PDB '' was not found with 'Engine_Debug.lib(fbxbitset.obj)' or at ''; linking object as if no debug info
Engine_Debug.lib(fbxweightedmapping.obj) : warning LNK4099: PDB '' was not found with 'Engine_Debug.lib(fbxweightedmapping.obj)' or at ''; linking object as if no debug info
Engine_Debug.lib(fbxsurfaceevaluator.obj) : warning LNK4099: PDB '' was not found with 'Engine_Debug.lib(fbxsurfaceevaluator.obj)' or at ''; linking object as if no debug info
Engine_Debug.lib(fbxnurbssurfaceevaluator.obj) : warning LNK4099: PDB '' was not found with 'Engine_Debug.lib(fbxnurbssurfaceevaluator.obj)' or at ''; linking object as if no debug info
Engine_Debug.lib(fbxuniformsurfaceutils.obj) : warning LNK4099: PDB '' was not found with 'Engine_Debug.lib(fbxuniformsurfaceutils.obj)' or at ''; linking object as if no debug info
Engine_Debug.lib(fbxscenecheckutility.obj) : warning LNK4099: PDB '' was not found with 'Engine_Debug.lib(fbxscenecheckutility.obj)' or at ''; linking object as if no debug info
Engine_Debug.lib(awTess2dConstrainedTriangulate.obj) : warning LNK4099: PDB '' was not found with 'Engine_Debug.lib(awTess2dConstrainedTriangulate.obj)' or at ''; linking object as if no debug info
Engine_Debug.lib(fbxtimecode.obj) : warning LNK4099: PDB '' was not found with 'Engine_Debug.lib(fbxtimecode.obj)' or at ''; linking object as if no debug info
Engine_Debug.lib(fbxfolder.obj) : warning LNK4099: PDB '' was not found with 'Engine_Debug.lib(fbxfolder.obj)' or at ''; linking object as if no debug info
Engine_Debug.lib(fbxconnectionpoint.obj) : warning LNK4099: PDB '' was not found with 'Engine_Debug.lib(fbxconnectionpoint.obj)' or at ''; linking object as if no debug info
Engine_Debug.lib(fbxpropertydef.obj) : warning LNK4099: PDB '' was not found with 'Engine_Debug.lib(fbxpropertydef.obj)' or at ''; linking object as if no debug info
Engine_Debug.lib(fbxpropertypage.obj) : warning LNK4099: PDB '' was not found with 'Engine_Debug.lib(fbxpropertypage.obj)' or at ''; linking object as if no debug info
Engine_Debug.lib(fbximplementationfilter.obj) : warning LNK4099: PDB '' was not found with 'Engine_Debug.lib(fbximplementationfilter.obj)' or at ''; linking object as if no debug info
Engine_Debug.lib(fbxdependencieshelper.obj) : warning LNK4099: PDB '' was not found with 'Engine_Debug.lib(fbxdependencieshelper.obj)' or at ''; linking object as if no debug info
Engine_Debug.lib(xmlIO.obj) : warning LNK4099: PDB '' was not found with 'Engine_Debug.lib(xmlIO.obj)' or at ''; linking object as if no debug info
Engine_Debug.lib(xmlmemory.obj) : warning LNK4099: PDB '' was not found with 'Engine_Debug.lib(xmlmemory.obj)' or at ''; linking object as if no debug info
Engine_Debug.lib(buf.obj) : warning LNK4099: PDB '' was not found with 'Engine_Debug.lib(buf.obj)' or at ''; linking object as if no debug info
Engine_Debug.lib(dict.obj) : warning LNK4099: PDB '' was not found with 'Engine_Debug.lib(dict.obj)' or at ''; linking object as if no debug info
Engine_Debug.lib(hash.obj) : warning LNK4099: PDB '' was not found with 'Engine_Debug.lib(hash.obj)' or at ''; linking object as if no debug info
Engine_Debug.lib(error.obj) : warning LNK4099: PDB '' was not found with 'Engine_Debug.lib(error.obj)' or at ''; linking object as if no debug info
Engine_Debug.lib(valid.obj) : warning LNK4099: PDB '' was not found with 'Engine_Debug.lib(valid.obj)' or at ''; linking object as if no debug info
Engine_Debug.lib(entities.obj) : warning LNK4099: PDB '' was not found with 'Engine_Debug.lib(entities.obj)' or at ''; linking object as if no debug info
Engine_Debug.lib(encoding.obj) : warning LNK4099: PDB '' was not found with 'Engine_Debug.lib(encoding.obj)' or at ''; linking object as if no debug info
Engine_Debug.lib(parserInternals.obj) : warning LNK4099: PDB '' was not found with 'Engine_Debug.lib(parserInternals.obj)' or at ''; linking object as if no debug info
Engine_Debug.lib(SAX2.obj) : warning LNK4099: PDB '' was not found with 'Engine_Debug.lib(SAX2.obj)' or at ''; linking object as if no debug info
Engine_Debug.lib(threads.obj) : warning LNK4099: PDB '' was not found with 'Engine_Debug.lib(threads.obj)' or at ''; linking object as if no debug info
Engine_Debug.lib(chvalid.obj) : warning LNK4099: PDB '' was not found with 'Engine_Debug.lib(chvalid.obj)' or at ''; linking object as if no debug info
Engine_Debug.lib(uri.obj) : warning LNK4099: PDB '' was not found with 'Engine_Debug.lib(uri.obj)' or at ''; linking object as if no debug info
Engine_Debug.lib(xmlschemastypes.obj) : warning LNK4099: PDB '' was not found with 'Engine_Debug.lib(xmlschemastypes.obj)' or at ''; linking object as if no debug info
Engine_Debug.lib(relaxng.obj) : warning LNK4099: PDB '' was not found with 'Engine_Debug.lib(relaxng.obj)' or at ''; linking object as if no debug info
Engine_Debug.lib(xpath.obj) : warning LNK4099: PDB '' was not found with 'Engine_Debug.lib(xpath.obj)' or at ''; linking object as if no debug info
Engine_Debug.lib(fbxlistener.obj) : warning LNK4099: PDB '' was not found with 'Engine_Debug.lib(fbxlistener.obj)' or at ''; linking object as if no debug info
Engine_Debug.lib(fbxmodule.obj) : warning LNK4099: PDB '' was not found with 'Engine_Debug.lib(fbxmodule.obj)' or at ''; linking object as if no debug info
Engine_Debug.lib(fbxwriter.obj) : warning LNK4099: PDB '' was not found with 'Engine_Debug.lib(fbxwriter.obj)' or at ''; linking object as if no debug info
Engine_Debug.lib(fbxwriterfbx5.obj) : warning LNK4099: PDB '' was not found with 'Engine_Debug.lib(fbxwriterfbx5.obj)' or at ''; linking object as if no debug info
Engine_Debug.lib(fbxbase64coder.obj) : warning LNK4099: PDB '' was not found with 'Engine_Debug.lib(fbxbase64coder.obj)' or at ''; linking object as if no debug info
Engine_Debug.lib(fbxchainedfile.obj) : warning LNK4099: PDB '' was not found with 'Engine_Debug.lib(fbxchainedfile.obj)' or at ''; linking object as if no debug info
Engine_Debug.lib(fbxcrcfile.obj) : warning LNK4099: PDB '' was not found with 'Engine_Debug.lib(fbxcrcfile.obj)' or at ''; linking object as if no debug info
Engine_Debug.lib(fbxencryptedfile.obj) : warning LNK4099: PDB '' was not found with 'Engine_Debug.lib(fbxencryptedfile.obj)' or at ''; linking object as if no debug info
Engine_Debug.lib(fbxmemoryfile.obj) : warning LNK4099: PDB '' was not found with 'Engine_Debug.lib(fbxmemoryfile.obj)' or at ''; linking object as if no debug info
Engine_Debug.lib(fbxiofield.obj) : warning LNK4099: PDB '' was not found with 'Engine_Debug.lib(fbxiofield.obj)' or at ''; linking object as if no debug info
Engine_Debug.lib(fbxiofieldlist.obj) : warning LNK4099: PDB '' was not found with 'Engine_Debug.lib(fbxiofieldlist.obj)' or at ''; linking object as if no debug info
Engine_Debug.lib(fbxiofieldzlib.obj) : warning LNK4099: PDB '' was not found with 'Engine_Debug.lib(fbxiofieldzlib.obj)' or at ''; linking object as if no debug info
Engine_Debug.lib(adler32.obj) : warning LNK4099: PDB '' was not found with 'Engine_Debug.lib(adler32.obj)' or at ''; linking object as if no debug info
Engine_Debug.lib(fbxinternalfileio.obj) : warning LNK4099: PDB '' was not found with 'Engine_Debug.lib(fbxinternalfileio.obj)' or at ''; linking object as if no debug info
Engine_Debug.lib(fbxrenamingstrategyutilities.obj) : warning LNK4099: PDB '' was not found with 'Engine_Debug.lib(fbxrenamingstrategyutilities.obj)' or at ''; linking object as if no debug info
Engine_Debug.lib(fbxanimevalstate.obj) : warning LNK4099: PDB '' was not found with 'Engine_Debug.lib(fbxanimevalstate.obj)' or at ''; linking object as if no debug info
Engine_Debug.lib(kfcurvenode.obj) : warning LNK4099: PDB '' was not found with 'Engine_Debug.lib(kfcurvenode.obj)' or at ''; linking object as if no debug info
Engine_Debug.lib(kdatatypes.obj) : warning LNK4099: PDB '' was not found with 'Engine_Debug.lib(kdatatypes.obj)' or at ''; linking object as if no debug info
Engine_Debug.lib(awCacheFileInterface.obj) : warning LNK4099: PDB '' was not found with 'Engine_Debug.lib(awCacheFileInterface.obj)' or at ''; linking object as if no debug info
Engine_Debug.lib(awPointCache2IO.obj) : warning LNK4099: PDB '' was not found with 'Engine_Debug.lib(awPointCache2IO.obj)' or at ''; linking object as if no debug info
Engine_Debug.lib(fbxnurbscurveevaluator.obj) : warning LNK4099: PDB '' was not found with 'Engine_Debug.lib(fbxnurbscurveevaluator.obj)' or at ''; linking object as if no debug info
Engine_Debug.lib(fbxbindingtableentry.obj) : warning LNK4099: PDB '' was not found with 'Engine_Debug.lib(fbxbindingtableentry.obj)' or at ''; linking object as if no debug info
Engine_Debug.lib(fbxbindingsentryview.obj) : warning LNK4099: PDB '' was not found with 'Engine_Debug.lib(fbxbindingsentryview.obj)' or at ''; linking object as if no debug info
Engine_Debug.lib(fbxconstantentryview.obj) : warning LNK4099: PDB '' was not found with 'Engine_Debug.lib(fbxconstantentryview.obj)' or at ''; linking object as if no debug info
Engine_Debug.lib(fbxoperatorentryview.obj) : warning LNK4099: PDB '' was not found with 'Engine_Debug.lib(fbxoperatorentryview.obj)' or at ''; linking object as if no debug info
Engine_Debug.lib(fbxpropertyentryview.obj) : warning LNK4099: PDB '' was not found with 'Engine_Debug.lib(fbxpropertyentryview.obj)' or at ''; linking object as if no debug info
Engine_Debug.lib(ErrorHandler.obj) : warning LNK4099: PDB '' was not found with 'Engine_Debug.lib(ErrorHandler.obj)' or at ''; linking object as if no debug info
Engine_Debug.lib(IArchive.cpp.obj) : warning LNK4099: PDB '' was not found with 'Engine_Debug.lib(IArchive.cpp.obj)' or at ''; linking object as if no debug info
Engine_Debug.lib(ArchiveInfo.obj) : warning LNK4099: PDB '' was not found with 'Engine_Debug.lib(ArchiveInfo.obj)' or at ''; linking object as if no debug info
Engine_Debug.lib(IObject.obj) : warning LNK4099: PDB '' was not found with 'Engine_Debug.lib(IObject.obj)' or at ''; linking object as if no debug info
Engine_Debug.lib(ICompoundProperty.obj) : warning LNK4099: PDB '' was not found with 'Engine_Debug.lib(ICompoundProperty.obj)' or at ''; linking object as if no debug info
Engine_Debug.lib(IArrayProperty.obj) : warning LNK4099: PDB '' was not found with 'Engine_Debug.lib(IArrayProperty.obj)' or at ''; linking object as if no debug info
Engine_Debug.lib(IScalarProperty.obj) : warning LNK4099: PDB '' was not found with 'Engine_Debug.lib(IScalarProperty.obj)' or at ''; linking object as if no debug info
Engine_Debug.lib(IFactory.obj) : warning LNK4099: PDB '' was not found with 'Engine_Debug.lib(IFactory.obj)' or at ''; linking object as if no debug info
Engine_Debug.lib(XformSample.obj) : warning LNK4099: PDB '' was not found with 'Engine_Debug.lib(XformSample.obj)' or at ''; linking object as if no debug info
Engine_Debug.lib(IXform.obj) : warning LNK4099: PDB '' was not found with 'Engine_Debug.lib(IXform.obj)' or at ''; linking object as if no debug info
Engine_Debug.lib(fbxalembicgeometry.obj) : warning LNK4099: PDB '' was not found with 'Engine_Debug.lib(fbxalembicgeometry.obj)' or at ''; linking object as if no debug info
Engine_Debug.lib(fbxalembicmaterial.obj) : warning LNK4099: PDB '' was not found with 'Engine_Debug.lib(fbxalembicmaterial.obj)' or at ''; linking object as if no debug info
Engine_Debug.lib(fbxalembicxform.obj) : warning LNK4099: PDB '' was not found with 'Engine_Debug.lib(fbxalembicxform.obj)' or at ''; linking object as if no debug info
Engine_Debug.lib(fbxalembicobject.obj) : warning LNK4099: PDB '' was not found with 'Engine_Debug.lib(fbxalembicobject.obj)' or at ''; linking object as if no debug info
Engine_Debug.lib(fbxmemorypool.obj) : warning LNK4099: PDB '' was not found with 'Engine_Debug.lib(fbxmemorypool.obj)' or at ''; linking object as if no debug info
Engine_Debug.lib(kfcurveglobal.obj) : warning LNK4099: PDB '' was not found with 'Engine_Debug.lib(kfcurveglobal.obj)' or at ''; linking object as if no debug info
Engine_Debug.lib(fbxsync.obj) : warning LNK4099: PDB '' was not found with 'Engine_Debug.lib(fbxsync.obj)' or at ''; linking object as if no debug info
Engine_Debug.lib(xmlHelper.obj) : warning LNK4099: PDB '' was not found with 'Engine_Debug.lib(xmlHelper.obj)' or at ''; linking object as if no debug info
Engine_Debug.lib(fbxstream.obj) : warning LNK4099: PDB '' was not found with 'Engine_Debug.lib(fbxstream.obj)' or at ''; linking object as if no debug info
Engine_Debug.lib(fbxanimcurvefilterkeysync.obj) : warning LNK4099: PDB '' was not found with 'Engine_Debug.lib(fbxanimcurvefilterkeysync.obj)' or at ''; linking object as if no debug info
Engine_Debug.lib(fbxreader.obj) : warning LNK4099: PDB '' was not found with 'Engine_Debug.lib(fbxreader.obj)' or at ''; linking object as if no debug info
Engine_Debug.lib(fbxanimcurvefiltertss.obj) : warning LNK4099: PDB '' was not found with 'Engine_Debug.lib(fbxanimcurvefiltertss.obj)' or at ''; linking object as if no debug info
Engine_Debug.lib(fbxanimutilities.obj) : warning LNK4099: PDB '' was not found with 'Engine_Debug.lib(fbxanimutilities.obj)' or at ''; linking object as if no debug info
Engine_Debug.lib(fbxmaterialconverter.obj) : warning LNK4099: PDB '' was not found with 'Engine_Debug.lib(fbxmaterialconverter.obj)' or at ''; linking object as if no debug info
Engine_Debug.lib(fbxrenamingstrategyfbx5.obj) : warning LNK4099: PDB '' was not found with 'Engine_Debug.lib(fbxrenamingstrategyfbx5.obj)' or at ''; linking object as if no debug info
Engine_Debug.lib(fbxanimcurvefilterresample.obj) : warning LNK4099: PDB '' was not found with 'Engine_Debug.lib(fbxanimcurvefilterresample.obj)' or at ''; linking object as if no debug info
Engine_Debug.lib(fbxdualquaternion.obj) : warning LNK4099: PDB '' was not found with 'Engine_Debug.lib(fbxdualquaternion.obj)' or at ''; linking object as if no debug info
Engine_Debug.lib(kfcurveutils.obj) : warning LNK4099: PDB '' was not found with 'Engine_Debug.lib(kfcurveutils.obj)' or at ''; linking object as if no debug info
Engine_Debug.lib(awLinear.obj) : warning LNK4099: PDB '' was not found with 'Engine_Debug.lib(awLinear.obj)' or at ''; linking object as if no debug info
Engine_Debug.lib(awLinearPoint2.obj) : warning LNK4099: PDB '' was not found with 'Engine_Debug.lib(awLinearPoint2.obj)' or at ''; linking object as if no debug info
Engine_Debug.lib(awLinearVector2.obj) : warning LNK4099: PDB '' was not found with 'Engine_Debug.lib(awLinearVector2.obj)' or at ''; linking object as if no debug info
Engine_Debug.lib(awLinearVector.obj) : warning LNK4099: PDB '' was not found with 'Engine_Debug.lib(awLinearVector.obj)' or at ''; linking object as if no debug info
Engine_Debug.lib(awLinearNormal.obj) : warning LNK4099: PDB '' was not found with 'Engine_Debug.lib(awLinearNormal.obj)' or at ''; linking object as if no debug info
Engine_Debug.lib(awLinearParamPlane.obj) : warning LNK4099: PDB '' was not found with 'Engine_Debug.lib(awLinearParamPlane.obj)' or at ''; linking object as if no debug info
Engine_Debug.lib(awLinearRange2d.obj) : warning LNK4099: PDB '' was not found with 'Engine_Debug.lib(awLinearRange2d.obj)' or at ''; linking object as if no debug info
Engine_Debug.lib(awGeomTopoMesh.obj) : warning LNK4099: PDB '' was not found with 'Engine_Debug.lib(awGeomTopoMesh.obj)' or at ''; linking object as if no debug info
Engine_Debug.lib(awGeomTopoMeshIterators.obj) : warning LNK4099: PDB '' was not found with 'Engine_Debug.lib(awGeomTopoMeshIterators.obj)' or at ''; linking object as if no debug info
Engine_Debug.lib(xmlregexp.obj) : warning LNK4099: PDB '' was not found with 'Engine_Debug.lib(xmlregexp.obj)' or at ''; linking object as if no debug info
Engine_Debug.lib(list.obj) : warning LNK4099: PDB '' was not found with 'Engine_Debug.lib(list.obj)' or at ''; linking object as if no debug info
Engine_Debug.lib(xmlschemas.obj) : warning LNK4099: PDB '' was not found with 'Engine_Debug.lib(xmlschemas.obj)' or at ''; linking object as if no debug info
Engine_Debug.lib(xpointer.obj) : warning LNK4099: PDB '' was not found with 'Engine_Debug.lib(xpointer.obj)' or at ''; linking object as if no debug info
Engine_Debug.lib(pattern.obj) : warning LNK4099: PDB '' was not found with 'Engine_Debug.lib(pattern.obj)' or at ''; linking object as if no debug info
Engine_Debug.lib(fbxcachedfile.obj) : warning LNK4099: PDB '' was not found with 'Engine_Debug.lib(fbxcachedfile.obj)' or at ''; linking object as if no debug info
Engine_Debug.lib(deflate.obj) : warning LNK4099: PDB '' was not found with 'Engine_Debug.lib(deflate.obj)' or at ''; linking object as if no debug info
Engine_Debug.lib(inflate.obj) : warning LNK4099: PDB '' was not found with 'Engine_Debug.lib(inflate.obj)' or at ''; linking object as if no debug info
Engine_Debug.lib(fbxreader3ds.obj) : warning LNK4099: PDB '' was not found with 'Engine_Debug.lib(fbxreader3ds.obj)' or at ''; linking object as if no debug info
Engine_Debug.lib(fbxwriter3ds.obj) : warning LNK4099: PDB '' was not found with 'Engine_Debug.lib(fbxwriter3ds.obj)' or at ''; linking object as if no debug info
Engine_Debug.lib(fbxreaderacclaimasf.obj) : warning LNK4099: PDB '' was not found with 'Engine_Debug.lib(fbxreaderacclaimasf.obj)' or at ''; linking object as if no debug info
Engine_Debug.lib(fbxreaderacclaimamc.obj) : warning LNK4099: PDB '' was not found with 'Engine_Debug.lib(fbxreaderacclaimamc.obj)' or at ''; linking object as if no debug info
Engine_Debug.lib(fbxwriteracclaimasf.obj) : warning LNK4099: PDB '' was not found with 'Engine_Debug.lib(fbxwriteracclaimasf.obj)' or at ''; linking object as if no debug info
Engine_Debug.lib(fbxwriteracclaimamc.obj) : warning LNK4099: PDB '' was not found with 'Engine_Debug.lib(fbxwriteracclaimamc.obj)' or at ''; linking object as if no debug info
Engine_Debug.lib(fbxreaderadaptiveoptics.obj) : warning LNK4099: PDB '' was not found with 'Engine_Debug.lib(fbxreaderadaptiveoptics.obj)' or at ''; linking object as if no debug info
Engine_Debug.lib(fbxwriteradaptiveoptics.obj) : warning LNK4099: PDB '' was not found with 'Engine_Debug.lib(fbxwriteradaptiveoptics.obj)' or at ''; linking object as if no debug info
Engine_Debug.lib(fbxreaderbiovision.obj) : warning LNK4099: PDB '' was not found with 'Engine_Debug.lib(fbxreaderbiovision.obj)' or at ''; linking object as if no debug info
Engine_Debug.lib(fbxwriterbiovision.obj) : warning LNK4099: PDB '' was not found with 'Engine_Debug.lib(fbxwriterbiovision.obj)' or at ''; linking object as if no debug info
Engine_Debug.lib(fbxreadercollada14.obj) : warning LNK4099: PDB '' was not found with 'Engine_Debug.lib(fbxreadercollada14.obj)' or at ''; linking object as if no debug info
Engine_Debug.lib(fbxwritercollada14.obj) : warning LNK4099: PDB '' was not found with 'Engine_Debug.lib(fbxwritercollada14.obj)' or at ''; linking object as if no debug info
Engine_Debug.lib(fbxreaderdxf.obj) : warning LNK4099: PDB '' was not found with 'Engine_Debug.lib(fbxreaderdxf.obj)' or at ''; linking object as if no debug info
Engine_Debug.lib(fbxwriterdxf.obj) : warning LNK4099: PDB '' was not found with 'Engine_Debug.lib(fbxwriterdxf.obj)' or at ''; linking object as if no debug info
Engine_Debug.lib(fbxreaderfbx6.obj) : warning LNK4099: PDB '' was not found with 'Engine_Debug.lib(fbxreaderfbx6.obj)' or at ''; linking object as if no debug info
Engine_Debug.lib(fbxreaderfbx7.obj) : warning LNK4099: PDB '' was not found with 'Engine_Debug.lib(fbxreaderfbx7.obj)' or at ''; linking object as if no debug info
Engine_Debug.lib(fbxwriterfbx6.obj) : warning LNK4099: PDB '' was not found with 'Engine_Debug.lib(fbxwriterfbx6.obj)' or at ''; linking object as if no debug info
Engine_Debug.lib(fbxwriterfbx7.obj) : warning LNK4099: PDB '' was not found with 'Engine_Debug.lib(fbxwriterfbx7.obj)' or at ''; linking object as if no debug info
Engine_Debug.lib(fbxreadermotionanalysishtr.obj) : warning LNK4099: PDB '' was not found with 'Engine_Debug.lib(fbxreadermotionanalysishtr.obj)' or at ''; linking object as if no debug info
Engine_Debug.lib(fbxreadermotionanalysistrc.obj) : warning LNK4099: PDB '' was not found with 'Engine_Debug.lib(fbxreadermotionanalysistrc.obj)' or at ''; linking object as if no debug info
Engine_Debug.lib(fbxwritermotionanalysishtr.obj) : warning LNK4099: PDB '' was not found with 'Engine_Debug.lib(fbxwritermotionanalysishtr.obj)' or at ''; linking object as if no debug info
Engine_Debug.lib(fbxwritermotionanalysistrc.obj) : warning LNK4099: PDB '' was not found with 'Engine_Debug.lib(fbxwritermotionanalysistrc.obj)' or at ''; linking object as if no debug info
Engine_Debug.lib(fbxreaderobj.obj) : warning LNK4099: PDB '' was not found with 'Engine_Debug.lib(fbxreaderobj.obj)' or at ''; linking object as if no debug info
Engine_Debug.lib(fbxwriterobj.obj) : warning LNK4099: PDB '' was not found with 'Engine_Debug.lib(fbxwriterobj.obj)' or at ''; linking object as if no debug info
Engine_Debug.lib(fbxreadervicon.obj) : warning LNK4099: PDB '' was not found with 'Engine_Debug.lib(fbxreadervicon.obj)' or at ''; linking object as if no debug info
Engine_Debug.lib(fbxwritervicon.obj) : warning LNK4099: PDB '' was not found with 'Engine_Debug.lib(fbxwritervicon.obj)' or at ''; linking object as if no debug info
Engine_Debug.lib(fbxreaderzip.obj) : warning LNK4099: PDB '' was not found with 'Engine_Debug.lib(fbxreaderzip.obj)' or at ''; linking object as if no debug info
Engine_Debug.lib(fbxalembicreader.obj) : warning LNK4099: PDB '' was not found with 'Engine_Debug.lib(fbxalembicreader.obj)' or at ''; linking object as if no debug info
Engine_Debug.lib(awString.obj) : warning LNK4099: PDB '' was not found with 'Engine_Debug.lib(awString.obj)' or at ''; linking object as if no debug info
Engine_Debug.lib(awCacheFileAccessor.obj) : warning LNK4099: PDB '' was not found with 'Engine_Debug.lib(awCacheFileAccessor.obj)' or at ''; linking object as if no debug info
Engine_Debug.lib(awCacheFileIffIO.obj) : warning LNK4099: PDB '' was not found with 'Engine_Debug.lib(awCacheFileIffIO.obj)' or at ''; linking object as if no debug info
Engine_Debug.lib(awOSFilename.obj) : warning LNK4099: PDB '' was not found with 'Engine_Debug.lib(awOSFilename.obj)' or at ''; linking object as if no debug info
Engine_Debug.lib(fbxentryview.obj) : warning LNK4099: PDB '' was not found with 'Engine_Debug.lib(fbxentryview.obj)' or at ''; linking object as if no debug info
Engine_Debug.lib(TimeSampling.obj) : warning LNK4099: PDB '' was not found with 'Engine_Debug.lib(TimeSampling.obj)' or at ''; linking object as if no debug info
Engine_Debug.lib(ISampleSelector.obj) : warning LNK4099: PDB '' was not found with 'Engine_Debug.lib(ISampleSelector.obj)' or at ''; linking object as if no debug info
Engine_Debug.lib(ReadWrite.obj) : warning LNK4099: PDB '' was not found with 'Engine_Debug.lib(ReadWrite.obj)' or at ''; linking object as if no debug info
Engine_Debug.lib(Read.obj) : warning LNK4099: PDB '' was not found with 'Engine_Debug.lib(Read.obj)' or at ''; linking object as if no debug info
Engine_Debug.lib(IexBaseExc.obj) : warning LNK4099: PDB '' was not found with 'Engine_Debug.lib(IexBaseExc.obj)' or at ''; linking object as if no debug info
Engine_Debug.lib(ImathExc.obj) : warning LNK4099: PDB '' was not found with 'Engine_Debug.lib(ImathExc.obj)' or at ''; linking object as if no debug info
Engine_Debug.lib(XformOp.obj) : warning LNK4099: PDB '' was not found with 'Engine_Debug.lib(XformOp.obj)' or at ''; linking object as if no debug info
Engine_Debug.lib(IPolyMesh.obj) : warning LNK4099: PDB '' was not found with 'Engine_Debug.lib(IPolyMesh.obj)' or at ''; linking object as if no debug info
Engine_Debug.lib(IMaterial.obj) : warning LNK4099: PDB '' was not found with 'Engine_Debug.lib(IMaterial.obj)' or at ''; linking object as if no debug info
Engine_Debug.lib(fbxalembicutils.obj) : warning LNK4099: PDB '' was not found with 'Engine_Debug.lib(fbxalembicutils.obj)' or at ''; linking object as if no debug info
Engine_Debug.lib(ICurves.obj) : warning LNK4099: PDB '' was not found with 'Engine_Debug.lib(ICurves.obj)' or at ''; linking object as if no debug info
Engine_Debug.lib(INuPatch.obj) : warning LNK4099: PDB '' was not found with 'Engine_Debug.lib(INuPatch.obj)' or at ''; linking object as if no debug info
Engine_Debug.lib(ISubD.obj) : warning LNK4099: PDB '' was not found with 'Engine_Debug.lib(ISubD.obj)' or at ''; linking object as if no debug info
Engine_Debug.lib(fbxatomic.obj) : warning LNK4099: PDB '' was not found with 'Engine_Debug.lib(fbxatomic.obj)' or at ''; linking object as if no debug info
Engine_Debug.lib(kfcurvefilter.obj) : warning LNK4099: PDB '' was not found with 'Engine_Debug.lib(kfcurvefilter.obj)' or at ''; linking object as if no debug info
Engine_Debug.lib(kfcurvefilterconstkeyredu.obj) : warning LNK4099: PDB '' was not found with 'Engine_Debug.lib(kfcurvefilterconstkeyredu.obj)' or at ''; linking object as if no debug info
Engine_Debug.lib(kfcurvefiltergimblekiller.obj) : warning LNK4099: PDB '' was not found with 'Engine_Debug.lib(kfcurvefiltergimblekiller.obj)' or at ''; linking object as if no debug info
Engine_Debug.lib(kfcurvefilterunroll.obj) : warning LNK4099: PDB '' was not found with 'Engine_Debug.lib(kfcurvefilterunroll.obj)' or at ''; linking object as if no debug info
Engine_Debug.lib(fbxclock.obj) : warning LNK4099: PDB '' was not found with 'Engine_Debug.lib(fbxclock.obj)' or at ''; linking object as if no debug info
Engine_Debug.lib(fbxnodefinder.obj) : warning LNK4099: PDB '' was not found with 'Engine_Debug.lib(fbxnodefinder.obj)' or at ''; linking object as if no debug info
Engine_Debug.lib(fbxnodefinderduplicatename.obj) : warning LNK4099: PDB '' was not found with 'Engine_Debug.lib(fbxnodefinderduplicatename.obj)' or at ''; linking object as if no debug info
Engine_Debug.lib(fbxrenamingstrategybase.obj) : warning LNK4099: PDB '' was not found with 'Engine_Debug.lib(fbxrenamingstrategybase.obj)' or at ''; linking object as if no debug info
Engine_Debug.lib(awLinearAffineMatrix.obj) : warning LNK4099: PDB '' was not found with 'Engine_Debug.lib(awLinearAffineMatrix.obj)' or at ''; linking object as if no debug info
Engine_Debug.lib(awLinearPoint.obj) : warning LNK4099: PDB '' was not found with 'Engine_Debug.lib(awLinearPoint.obj)' or at ''; linking object as if no debug info
Engine_Debug.lib(awLinearLine.obj) : warning LNK4099: PDB '' was not found with 'Engine_Debug.lib(awLinearLine.obj)' or at ''; linking object as if no debug info
Engine_Debug.lib(awLinearParamLine.obj) : warning LNK4099: PDB '' was not found with 'Engine_Debug.lib(awLinearParamLine.obj)' or at ''; linking object as if no debug info
Engine_Debug.lib(awLinearPlane.obj) : warning LNK4099: PDB '' was not found with 'Engine_Debug.lib(awLinearPlane.obj)' or at ''; linking object as if no debug info
Engine_Debug.lib(awLinearRange1d.obj) : warning LNK4099: PDB '' was not found with 'Engine_Debug.lib(awLinearRange1d.obj)' or at ''; linking object as if no debug info
Engine_Debug.lib(awLinearRange3d.obj) : warning LNK4099: PDB '' was not found with 'Engine_Debug.lib(awLinearRange3d.obj)' or at ''; linking object as if no debug info
Engine_Debug.lib(awOSFSAllocator.obj) : warning LNK4099: PDB '' was not found with 'Engine_Debug.lib(awOSFSAllocator.obj)' or at ''; linking object as if no debug info
Engine_Debug.lib(xmlunicode.obj) : warning LNK4099: PDB '' was not found with 'Engine_Debug.lib(xmlunicode.obj)' or at ''; linking object as if no debug info
Engine_Debug.lib(xmlreader.obj) : warning LNK4099: PDB '' was not found with 'Engine_Debug.lib(xmlreader.obj)' or at ''; linking object as if no debug info
Engine_Debug.lib(crc32.obj) : warning LNK4099: PDB '' was not found with 'Engine_Debug.lib(crc32.obj)' or at ''; linking object as if no debug info
Engine_Debug.lib(zutil.obj) : warning LNK4099: PDB '' was not found with 'Engine_Debug.lib(zutil.obj)' or at ''; linking object as if no debug info
Engine_Debug.lib(trees.obj) : warning LNK4099: PDB '' was not found with 'Engine_Debug.lib(trees.obj)' or at ''; linking object as if no debug info
Engine_Debug.lib(inftrees.obj) : warning LNK4099: PDB '' was not found with 'Engine_Debug.lib(inftrees.obj)' or at ''; linking object as if no debug info
Engine_Debug.lib(inffast.obj) : warning LNK4099: PDB '' was not found with 'Engine_Debug.lib(inffast.obj)' or at ''; linking object as if no debug info
Engine_Debug.lib(fbxanimcurvefilterkeyreducer.obj) : warning LNK4099: PDB '' was not found with 'Engine_Debug.lib(fbxanimcurvefilterkeyreducer.obj)' or at ''; linking object as if no debug info
Engine_Debug.lib(3dserr.obj) : warning LNK4099: PDB '' was not found with 'Engine_Debug.lib(3dserr.obj)' or at ''; linking object as if no debug info
Engine_Debug.lib(3dsfile.obj) : warning LNK4099: PDB '' was not found with 'Engine_Debug.lib(3dsfile.obj)' or at ''; linking object as if no debug info
Engine_Debug.lib(dbase3ds.obj) : warning LNK4099: PDB '' was not found with 'Engine_Debug.lib(dbase3ds.obj)' or at ''; linking object as if no debug info
Engine_Debug.lib(3dsmset.obj) : warning LNK4099: PDB '' was not found with 'Engine_Debug.lib(3dsmset.obj)' or at ''; linking object as if no debug info
Engine_Debug.lib(3dsbgnd.obj) : warning LNK4099: PDB '' was not found with 'Engine_Debug.lib(3dsbgnd.obj)' or at ''; linking object as if no debug info
Engine_Debug.lib(3dsmatr.obj) : warning LNK4099: PDB '' was not found with 'Engine_Debug.lib(3dsmatr.obj)' or at ''; linking object as if no debug info
Engine_Debug.lib(3dsmobj.obj) : warning LNK4099: PDB '' was not found with 'Engine_Debug.lib(3dsmobj.obj)' or at ''; linking object as if no debug info
Engine_Debug.lib(3dslites.obj) : warning LNK4099: PDB '' was not found with 'Engine_Debug.lib(3dslites.obj)' or at ''; linking object as if no debug info
Engine_Debug.lib(3dscamr.obj) : warning LNK4099: PDB '' was not found with 'Engine_Debug.lib(3dscamr.obj)' or at ''; linking object as if no debug info
Engine_Debug.lib(3dscamm.obj) : warning LNK4099: PDB '' was not found with 'Engine_Debug.lib(3dscamm.obj)' or at ''; linking object as if no debug info
Engine_Debug.lib(3dsobjm.obj) : warning LNK4099: PDB '' was not found with 'Engine_Debug.lib(3dsobjm.obj)' or at ''; linking object as if no debug info
Engine_Debug.lib(3dsomnm.obj) : warning LNK4099: PDB '' was not found with 'Engine_Debug.lib(3dsomnm.obj)' or at ''; linking object as if no debug info
Engine_Debug.lib(3dssptm.obj) : warning LNK4099: PDB '' was not found with 'Engine_Debug.lib(3dssptm.obj)' or at ''; linking object as if no debug info
Engine_Debug.lib(fbxrenamingstrategy.obj) : warning LNK4099: PDB '' was not found with 'Engine_Debug.lib(fbxrenamingstrategy.obj)' or at ''; linking object as if no debug info
Engine_Debug.lib(3dsiobj.obj) : warning LNK4099: PDB '' was not found with 'Engine_Debug.lib(3dsiobj.obj)' or at ''; linking object as if no debug info
Engine_Debug.lib(3dsrobj.obj) : warning LNK4099: PDB '' was not found with 'Engine_Debug.lib(3dsrobj.obj)' or at ''; linking object as if no debug info
Engine_Debug.lib(3dskey.obj) : warning LNK4099: PDB '' was not found with 'Engine_Debug.lib(3dskey.obj)' or at ''; linking object as if no debug info
Engine_Debug.lib(fbxtextfile.obj) : warning LNK4099: PDB '' was not found with 'Engine_Debug.lib(fbxtextfile.obj)' or at ''; linking object as if no debug info
Engine_Debug.lib(fbxfileacclaimasf.obj) : warning LNK4099: PDB '' was not found with 'Engine_Debug.lib(fbxfileacclaimasf.obj)' or at ''; linking object as if no debug info
Engine_Debug.lib(fbxfileacclaimamc.obj) : warning LNK4099: PDB '' was not found with 'Engine_Debug.lib(fbxfileacclaimamc.obj)' or at ''; linking object as if no debug info
Engine_Debug.lib(fbxreadermotionbase.obj) : warning LNK4099: PDB '' was not found with 'Engine_Debug.lib(fbxreadermotionbase.obj)' or at ''; linking object as if no debug info
Engine_Debug.lib(fbxfileadaptiveoptics.obj) : warning LNK4099: PDB '' was not found with 'Engine_Debug.lib(fbxfileadaptiveoptics.obj)' or at ''; linking object as if no debug info
Engine_Debug.lib(fbxwritermotionbase.obj) : warning LNK4099: PDB '' was not found with 'Engine_Debug.lib(fbxwritermotionbase.obj)' or at ''; linking object as if no debug info
Engine_Debug.lib(fbxfilebiovision.obj) : warning LNK4099: PDB '' was not found with 'Engine_Debug.lib(fbxfilebiovision.obj)' or at ''; linking object as if no debug info
Engine_Debug.lib(fbxsemanticentryview.obj) : warning LNK4099: PDB '' was not found with 'Engine_Debug.lib(fbxsemanticentryview.obj)' or at ''; linking object as if no debug info
Engine_Debug.lib(fbxcolladaiostream.obj) : warning LNK4099: PDB '' was not found with 'Engine_Debug.lib(fbxcolladaiostream.obj)' or at ''; linking object as if no debug info
Engine_Debug.lib(fbxcolladautils.obj) : warning LNK4099: PDB '' was not found with 'Engine_Debug.lib(fbxcolladautils.obj)' or at ''; linking object as if no debug info
Engine_Debug.lib(fbxcolladanamespace.obj) : warning LNK4099: PDB '' was not found with 'Engine_Debug.lib(fbxcolladanamespace.obj)' or at ''; linking object as if no debug info
Engine_Debug.lib(fbxcolladaelement.obj) : warning LNK4099: PDB '' was not found with 'Engine_Debug.lib(fbxcolladaelement.obj)' or at ''; linking object as if no debug info
Engine_Debug.lib(fbxcolladaanimationelement.obj) : warning LNK4099: PDB '' was not found with 'Engine_Debug.lib(fbxcolladaanimationelement.obj)' or at ''; linking object as if no debug info
Engine_Debug.lib(fbxrenamingstrategyfbx6.obj) : warning LNK4099: PDB '' was not found with 'Engine_Debug.lib(fbxrenamingstrategyfbx6.obj)' or at ''; linking object as if no debug info
Engine_Debug.lib(fbxembeddedfilesaccumulator.obj) : warning LNK4099: PDB '' was not found with 'Engine_Debug.lib(fbxembeddedfilesaccumulator.obj)' or at ''; linking object as if no debug info
Engine_Debug.lib(fbxfilemotionanalysishtr.obj) : warning LNK4099: PDB '' was not found with 'Engine_Debug.lib(fbxfilemotionanalysishtr.obj)' or at ''; linking object as if no debug info
Engine_Debug.lib(fbxfilemotionanalysistrc.obj) : warning LNK4099: PDB '' was not found with 'Engine_Debug.lib(fbxfilemotionanalysistrc.obj)' or at ''; linking object as if no debug info
Engine_Debug.lib(fbxfilevicon.obj) : warning LNK4099: PDB '' was not found with 'Engine_Debug.lib(fbxfilevicon.obj)' or at ''; linking object as if no debug info
Engine_Debug.lib(unzip.obj) : warning LNK4099: PDB '' was not found with 'Engine_Debug.lib(unzip.obj)' or at ''; linking object as if no debug info
Engine_Debug.lib(awStringCType.obj) : warning LNK4099: PDB '' was not found with 'Engine_Debug.lib(awStringCType.obj)' or at ''; linking object as if no debug info
Engine_Debug.lib(awStringConvert.obj) : warning LNK4099: PDB '' was not found with 'Engine_Debug.lib(awStringConvert.obj)' or at ''; linking object as if no debug info
Engine_Debug.lib(al_nprintf.obj) : warning LNK4099: PDB '' was not found with 'Engine_Debug.lib(al_nprintf.obj)' or at ''; linking object as if no debug info
Engine_Debug.lib(awhashfunction.obj) : warning LNK4099: PDB '' was not found with 'Engine_Debug.lib(awhashfunction.obj)' or at ''; linking object as if no debug info
Engine_Debug.lib(awCacheChannel.obj) : warning LNK4099: PDB '' was not found with 'Engine_Debug.lib(awCacheChannel.obj)' or at ''; linking object as if no debug info
Engine_Debug.lib(awCacheDescriptionIO.obj) : warning LNK4099: PDB '' was not found with 'Engine_Debug.lib(awCacheDescriptionIO.obj)' or at ''; linking object as if no debug info
Engine_Debug.lib(awUtilError.obj) : warning LNK4099: PDB '' was not found with 'Engine_Debug.lib(awUtilError.obj)' or at ''; linking object as if no debug info
Engine_Debug.lib(awOSFile.obj) : warning LNK4099: PDB '' was not found with 'Engine_Debug.lib(awOSFile.obj)' or at ''; linking object as if no debug info
Engine_Debug.lib(awOSFileFactory.obj) : warning LNK4099: PDB '' was not found with 'Engine_Debug.lib(awOSFileFactory.obj)' or at ''; linking object as if no debug info
Engine_Debug.lib(awCacheFileIO.obj) : warning LNK4099: PDB '' was not found with 'Engine_Debug.lib(awCacheFileIO.obj)' or at ''; linking object as if no debug info
Engine_Debug.lib(awIffTag.obj) : warning LNK4099: PDB '' was not found with 'Engine_Debug.lib(awIffTag.obj)' or at ''; linking object as if no debug info
Engine_Debug.lib(awIffFile4.obj) : warning LNK4099: PDB '' was not found with 'Engine_Debug.lib(awIffFile4.obj)' or at ''; linking object as if no debug info
Engine_Debug.lib(awIffFile8.obj) : warning LNK4099: PDB '' was not found with 'Engine_Debug.lib(awIffFile8.obj)' or at ''; linking object as if no debug info
Engine_Debug.lib(TimeSamplingType.obj) : warning LNK4099: PDB '' was not found with 'Engine_Debug.lib(TimeSamplingType.obj)' or at ''; linking object as if no debug info
Engine_Debug.lib(AwImpl.obj) : warning LNK4099: PDB '' was not found with 'Engine_Debug.lib(AwImpl.obj)' or at ''; linking object as if no debug info
Engine_Debug.lib(ArImpl.cpp.obj) : warning LNK4099: PDB '' was not found with 'Engine_Debug.lib(ArImpl.cpp.obj)' or at ''; linking object as if no debug info
Engine_Debug.lib(ArImpl.cpp.obj) : warning LNK4099: PDB '' was not found with 'Engine_Debug.lib(ArImpl.cpp.obj)' or at ''; linking object as if no debug info
Engine_Debug.lib(IFaceSet.obj) : warning LNK4099: PDB '' was not found with 'Engine_Debug.lib(IFaceSet.obj)' or at ''; linking object as if no debug info
Engine_Debug.lib(InternalUtil.obj) : warning LNK4099: PDB '' was not found with 'Engine_Debug.lib(InternalUtil.obj)' or at ''; linking object as if no debug info
Engine_Debug.lib(kfcurvefilterkeysync.obj) : warning LNK4099: PDB '' was not found with 'Engine_Debug.lib(kfcurvefilterkeysync.obj)' or at ''; linking object as if no debug info
Engine_Debug.lib(xinclude.obj) : warning LNK4099: PDB '' was not found with 'Engine_Debug.lib(xinclude.obj)' or at ''; linking object as if no debug info
Engine_Debug.lib(smartall.obj) : warning LNK4099: PDB '' was not found with 'Engine_Debug.lib(smartall.obj)' or at ''; linking object as if no debug info
Engine_Debug.lib(strdup.obj) : warning LNK4099: PDB '' was not found with 'Engine_Debug.lib(strdup.obj)' or at ''; linking object as if no debug info
Engine_Debug.lib(assert.obj) : warning LNK4099: PDB '' was not found with 'Engine_Debug.lib(assert.obj)' or at ''; linking object as if no debug info
Engine_Debug.lib(3dsstrlf.obj) : warning LNK4099: PDB '' was not found with 'Engine_Debug.lib(3dsstrlf.obj)' or at ''; linking object as if no debug info
Engine_Debug.lib(3dsprim.obj) : warning LNK4099: PDB '' was not found with 'Engine_Debug.lib(3dsprim.obj)' or at ''; linking object as if no debug info
Engine_Debug.lib(chunk3ds.obj) : warning LNK4099: PDB '' was not found with 'Engine_Debug.lib(chunk3ds.obj)' or at ''; linking object as if no debug info
Engine_Debug.lib(seekchil.obj) : warning LNK4099: PDB '' was not found with 'Engine_Debug.lib(seekchil.obj)' or at ''; linking object as if no debug info
Engine_Debug.lib(3dshier.obj) : warning LNK4099: PDB '' was not found with 'Engine_Debug.lib(3dshier.obj)' or at ''; linking object as if no debug info
Engine_Debug.lib(3dsvers.obj) : warning LNK4099: PDB '' was not found with 'Engine_Debug.lib(3dsvers.obj)' or at ''; linking object as if no debug info
Engine_Debug.lib(kfutils.obj) : warning LNK4099: PDB '' was not found with 'Engine_Debug.lib(kfutils.obj)' or at ''; linking object as if no debug info
Engine_Debug.lib(fbxanimcurvefiltergimblekiller.obj) : warning LNK4099: PDB '' was not found with 'Engine_Debug.lib(fbxanimcurvefiltergimblekiller.obj)' or at ''; linking object as if no debug info
Engine_Debug.lib(fbxuniquenameobjectlist.obj) : warning LNK4099: PDB '' was not found with 'Engine_Debug.lib(fbxuniquenameobjectlist.obj)' or at ''; linking object as if no debug info
Engine_Debug.lib(fbxviconbase.obj) : warning LNK4099: PDB '' was not found with 'Engine_Debug.lib(fbxviconbase.obj)' or at ''; linking object as if no debug info
Engine_Debug.lib(ioapi.obj) : warning LNK4099: PDB '' was not found with 'Engine_Debug.lib(ioapi.obj)' or at ''; linking object as if no debug info
Engine_Debug.lib(awCacheData.obj) : warning LNK4099: PDB '' was not found with 'Engine_Debug.lib(awCacheData.obj)' or at ''; linking object as if no debug info
Engine_Debug.lib(awOSFileStatus.obj) : warning LNK4099: PDB '' was not found with 'Engine_Debug.lib(awOSFileStatus.obj)' or at ''; linking object as if no debug info
Engine_Debug.lib(awOSIOStream.obj) : warning LNK4099: PDB '' was not found with 'Engine_Debug.lib(awOSIOStream.obj)' or at ''; linking object as if no debug info
Engine_Debug.lib(awOSFileTransport.obj) : warning LNK4099: PDB '' was not found with 'Engine_Debug.lib(awOSFileTransport.obj)' or at ''; linking object as if no debug info
Engine_Debug.lib(awUtilInitializer.obj) : warning LNK4099: PDB '' was not found with 'Engine_Debug.lib(awUtilInitializer.obj)' or at ''; linking object as if no debug info
Engine_Debug.lib(awOSLocalFileTransport.obj) : warning LNK4099: PDB '' was not found with 'Engine_Debug.lib(awOSLocalFileTransport.obj)' or at ''; linking object as if no debug info
Engine_Debug.lib(iff_minfo.obj) : warning LNK4099: PDB '' was not found with 'Engine_Debug.lib(iff_minfo.obj)' or at ''; linking object as if no debug info
Engine_Debug.lib(iff_oserror.obj) : warning LNK4099: PDB '' was not found with 'Engine_Debug.lib(iff_oserror.obj)' or at ''; linking object as if no debug info
Engine_Debug.lib(iff_flibopen.obj) : warning LNK4099: PDB '' was not found with 'Engine_Debug.lib(iff_flibopen.obj)' or at ''; linking object as if no debug info
Engine_Debug.lib(iff_flush.obj) : warning LNK4099: PDB '' was not found with 'Engine_Debug.lib(iff_flush.obj)' or at ''; linking object as if no debug info
Engine_Debug.lib(iff_seek.obj) : warning LNK4099: PDB '' was not found with 'Engine_Debug.lib(iff_seek.obj)' or at ''; linking object as if no debug info
Engine_Debug.lib(iff_settmp.obj) : warning LNK4099: PDB '' was not found with 'Engine_Debug.lib(iff_settmp.obj)' or at ''; linking object as if no debug info
Engine_Debug.lib(iff_istty.obj) : warning LNK4099: PDB '' was not found with 'Engine_Debug.lib(iff_istty.obj)' or at ''; linking object as if no debug info
Engine_Debug.lib(iff_read.obj) : warning LNK4099: PDB '' was not found with 'Engine_Debug.lib(iff_read.obj)' or at ''; linking object as if no debug info
Engine_Debug.lib(iff_unread.obj) : warning LNK4099: PDB '' was not found with 'Engine_Debug.lib(iff_unread.obj)' or at ''; linking object as if no debug info
Engine_Debug.lib(iff_bgnread.obj) : warning LNK4099: PDB '' was not found with 'Engine_Debug.lib(iff_bgnread.obj)' or at ''; linking object as if no debug info
Engine_Debug.lib(iff_write.obj) : warning LNK4099: PDB '' was not found with 'Engine_Debug.lib(iff_write.obj)' or at ''; linking object as if no debug info
Engine_Debug.lib(iff_bgnwrite.obj) : warning LNK4099: PDB '' was not found with 'Engine_Debug.lib(iff_bgnwrite.obj)' or at ''; linking object as if no debug info
Engine_Debug.lib(iff_edit.obj) : warning LNK4099: PDB '' was not found with 'Engine_Debug.lib(iff_edit.obj)' or at ''; linking object as if no debug info
Engine_Debug.lib(iff_bgnget.obj) : warning LNK4099: PDB '' was not found with 'Engine_Debug.lib(iff_bgnget.obj)' or at ''; linking object as if no debug info
Engine_Debug.lib(iff_sget.obj) : warning LNK4099: PDB '' was not found with 'Engine_Debug.lib(iff_sget.obj)' or at ''; linking object as if no debug info
Engine_Debug.lib(iff_bgnput.obj) : warning LNK4099: PDB '' was not found with 'Engine_Debug.lib(iff_bgnput.obj)' or at ''; linking object as if no debug info
Engine_Debug.lib(iff_readchunk.obj) : warning LNK4099: PDB '' was not found with 'Engine_Debug.lib(iff_readchunk.obj)' or at ''; linking object as if no debug info
Engine_Debug.lib(iff_getchunk.obj) : warning LNK4099: PDB '' was not found with 'Engine_Debug.lib(iff_getchunk.obj)' or at ''; linking object as if no debug info
Engine_Debug.lib(iff_putchunk.obj) : warning LNK4099: PDB '' was not found with 'Engine_Debug.lib(iff_putchunk.obj)' or at ''; linking object as if no debug info
Engine_Debug.lib(iff_bgnwbchunk.obj) : warning LNK4099: PDB '' was not found with 'Engine_Debug.lib(iff_bgnwbchunk.obj)' or at ''; linking object as if no debug info
Engine_Debug.lib(iff_bgnrgroup.obj) : warning LNK4099: PDB '' was not found with 'Engine_Debug.lib(iff_bgnrgroup.obj)' or at ''; linking object as if no debug info
Engine_Debug.lib(iff_bgnwgroup.obj) : warning LNK4099: PDB '' was not found with 'Engine_Debug.lib(iff_bgnwgroup.obj)' or at ''; linking object as if no debug info
Engine_Debug.lib(iff_skipgroup.obj) : warning LNK4099: PDB '' was not found with 'Engine_Debug.lib(iff_skipgroup.obj)' or at ''; linking object as if no debug info
Engine_Debug.lib(iff_gets.obj) : warning LNK4099: PDB '' was not found with 'Engine_Debug.lib(iff_gets.obj)' or at ''; linking object as if no debug info
Engine_Debug.lib(iff_puts.obj) : warning LNK4099: PDB '' was not found with 'Engine_Debug.lib(iff_puts.obj)' or at ''; linking object as if no debug info
Engine_Debug.lib(awIffFile.obj) : warning LNK4099: PDB '' was not found with 'Engine_Debug.lib(awIffFile.obj)' or at ''; linking object as if no debug info
Engine_Debug.lib(iff_errno.obj) : warning LNK4099: PDB '' was not found with 'Engine_Debug.lib(iff_errno.obj)' or at ''; linking object as if no debug info
Engine_Debug.lib(iff_minfo8.obj) : warning LNK4099: PDB '' was not found with 'Engine_Debug.lib(iff_minfo8.obj)' or at ''; linking object as if no debug info
Engine_Debug.lib(iff_flibopen8.obj) : warning LNK4099: PDB '' was not found with 'Engine_Debug.lib(iff_flibopen8.obj)' or at ''; linking object as if no debug info
Engine_Debug.lib(iff_flush8.obj) : warning LNK4099: PDB '' was not found with 'Engine_Debug.lib(iff_flush8.obj)' or at ''; linking object as if no debug info
Engine_Debug.lib(iff_seek8.obj) : warning LNK4099: PDB '' was not found with 'Engine_Debug.lib(iff_seek8.obj)' or at ''; linking object as if no debug info
Engine_Debug.lib(iff_settmp8.obj) : warning LNK4099: PDB '' was not found with 'Engine_Debug.lib(iff_settmp8.obj)' or at ''; linking object as if no debug info
Engine_Debug.lib(iff_istty8.obj) : warning LNK4099: PDB '' was not found with 'Engine_Debug.lib(iff_istty8.obj)' or at ''; linking object as if no debug info
Engine_Debug.lib(iff_read8.obj) : warning LNK4099: PDB '' was not found with 'Engine_Debug.lib(iff_read8.obj)' or at ''; linking object as if no debug info
Engine_Debug.lib(iff_unread8.obj) : warning LNK4099: PDB '' was not found with 'Engine_Debug.lib(iff_unread8.obj)' or at ''; linking object as if no debug info
Engine_Debug.lib(iff_bgnread8.obj) : warning LNK4099: PDB '' was not found with 'Engine_Debug.lib(iff_bgnread8.obj)' or at ''; linking object as if no debug info
Engine_Debug.lib(iff_write8.obj) : warning LNK4099: PDB '' was not found with 'Engine_Debug.lib(iff_write8.obj)' or at ''; linking object as if no debug info
Engine_Debug.lib(iff_bgnwrite8.obj) : warning LNK4099: PDB '' was not found with 'Engine_Debug.lib(iff_bgnwrite8.obj)' or at ''; linking object as if no debug info
Engine_Debug.lib(iff_edit8.obj) : warning LNK4099: PDB '' was not found with 'Engine_Debug.lib(iff_edit8.obj)' or at ''; linking object as if no debug info
Engine_Debug.lib(iff_bgnget8.obj) : warning LNK4099: PDB '' was not found with 'Engine_Debug.lib(iff_bgnget8.obj)' or at ''; linking object as if no debug info
Engine_Debug.lib(iff_sget8.obj) : warning LNK4099: PDB '' was not found with 'Engine_Debug.lib(iff_sget8.obj)' or at ''; linking object as if no debug info
Engine_Debug.lib(iff_bgnput8.obj) : warning LNK4099: PDB '' was not found with 'Engine_Debug.lib(iff_bgnput8.obj)' or at ''; linking object as if no debug info
Engine_Debug.lib(iff_readchunk8.obj) : warning LNK4099: PDB '' was not found with 'Engine_Debug.lib(iff_readchunk8.obj)' or at ''; linking object as if no debug info
Engine_Debug.lib(iff_getchunk8.obj) : warning LNK4099: PDB '' was not found with 'Engine_Debug.lib(iff_getchunk8.obj)' or at ''; linking object as if no debug info
Engine_Debug.lib(iff_putchunk8.obj) : warning LNK4099: PDB '' was not found with 'Engine_Debug.lib(iff_putchunk8.obj)' or at ''; linking object as if no debug info
Engine_Debug.lib(iff_bgnwbchunk8.obj) : warning LNK4099: PDB '' was not found with 'Engine_Debug.lib(iff_bgnwbchunk8.obj)' or at ''; linking object as if no debug info
Engine_Debug.lib(iff_bgnrgroup8.obj) : warning LNK4099: PDB '' was not found with 'Engine_Debug.lib(iff_bgnrgroup8.obj)' or at ''; linking object as if no debug info
Engine_Debug.lib(iff_bgnwgroup8.obj) : warning LNK4099: PDB '' was not found with 'Engine_Debug.lib(iff_bgnwgroup8.obj)' or at ''; linking object as if no debug info
Engine_Debug.lib(iff_skipgroup8.obj) : warning LNK4099: PDB '' was not found with 'Engine_Debug.lib(iff_skipgroup8.obj)' or at ''; linking object as if no debug info
Engine_Debug.lib(iff_gets8.obj) : warning LNK4099: PDB '' was not found with 'Engine_Debug.lib(iff_gets8.obj)' or at ''; linking object as if no debug info
Engine_Debug.lib(iff_puts8.obj) : warning LNK4099: PDB '' was not found with 'Engine_Debug.lib(iff_puts8.obj)' or at ''; linking object as if no debug info
Engine_Debug.lib(TokenMap.obj) : warning LNK4099: PDB '' was not found with 'Engine_Debug.lib(TokenMap.obj)' or at ''; linking object as if no debug info
Engine_Debug.lib(Foundation.obj) : warning LNK4099: PDB '' was not found with 'Engine_Debug.lib(Foundation.obj)' or at ''; linking object as if no debug info
Engine_Debug.lib(ArchiveWriter.obj) : warning LNK4099: PDB '' was not found with 'Engine_Debug.lib(ArchiveWriter.obj)' or at ''; linking object as if no debug info
Engine_Debug.lib(OData.obj) : warning LNK4099: PDB '' was not found with 'Engine_Debug.lib(OData.obj)' or at ''; linking object as if no debug info
Engine_Debug.lib(OGroup.obj) : warning LNK4099: PDB '' was not found with 'Engine_Debug.lib(OGroup.obj)' or at ''; linking object as if no debug info
Engine_Debug.lib(OArchive.cpp.obj) : warning LNK4099: PDB '' was not found with 'Engine_Debug.lib(OArchive.cpp.obj)' or at ''; linking object as if no debug info
Engine_Debug.lib(MetaDataMap.obj) : warning LNK4099: PDB '' was not found with 'Engine_Debug.lib(MetaDataMap.obj)' or at ''; linking object as if no debug info
Engine_Debug.lib(WriteUtil.obj) : warning LNK4099: PDB '' was not found with 'Engine_Debug.lib(WriteUtil.obj)' or at ''; linking object as if no debug info
Engine_Debug.lib(OwData.obj) : warning LNK4099: PDB '' was not found with 'Engine_Debug.lib(OwData.obj)' or at ''; linking object as if no debug info
Engine_Debug.lib(OwImpl.obj) : warning LNK4099: PDB '' was not found with 'Engine_Debug.lib(OwImpl.obj)' or at ''; linking object as if no debug info
Engine_Debug.lib(ArchiveReader.obj) : warning LNK4099: PDB '' was not found with 'Engine_Debug.lib(ArchiveReader.obj)' or at ''; linking object as if no debug info
Engine_Debug.lib(IData.obj) : warning LNK4099: PDB '' was not found with 'Engine_Debug.lib(IData.obj)' or at ''; linking object as if no debug info
Engine_Debug.lib(IGroup.obj) : warning LNK4099: PDB '' was not found with 'Engine_Debug.lib(IGroup.obj)' or at ''; linking object as if no debug info
Engine_Debug.lib(IArchive.cpp.obj) : warning LNK4099: PDB '' was not found with 'Engine_Debug.lib(IArchive.cpp.obj)' or at ''; linking object as if no debug info
Engine_Debug.lib(StreamManager.obj) : warning LNK4099: PDB '' was not found with 'Engine_Debug.lib(StreamManager.obj)' or at ''; linking object as if no debug info
Engine_Debug.lib(OrData.obj) : warning LNK4099: PDB '' was not found with 'Engine_Debug.lib(OrData.obj)' or at ''; linking object as if no debug info
Engine_Debug.lib(OrImpl.cpp.obj) : warning LNK4099: PDB '' was not found with 'Engine_Debug.lib(OrImpl.cpp.obj)' or at ''; linking object as if no debug info
Engine_Debug.lib(ReadUtil.obj) : warning LNK4099: PDB '' was not found with 'Engine_Debug.lib(ReadUtil.obj)' or at ''; linking object as if no debug info
Engine_Debug.lib(OrImpl.cpp.obj) : warning LNK4099: PDB '' was not found with 'Engine_Debug.lib(OrImpl.cpp.obj)' or at ''; linking object as if no debug info
Engine_Debug.lib(swapbyte.obj) : warning LNK4099: PDB '' was not found with 'Engine_Debug.lib(swapbyte.obj)' or at ''; linking object as if no debug info
Engine_Debug.lib(3dsutil.obj) : warning LNK4099: PDB '' was not found with 'Engine_Debug.lib(3dsutil.obj)' or at ''; linking object as if no debug info
Engine_Debug.lib(awOSTmpFilename.obj) : warning LNK4099: PDB '' was not found with 'Engine_Debug.lib(awOSTmpFilename.obj)' or at ''; linking object as if no debug info
Engine_Debug.lib(iff_scanlist.obj) : warning LNK4099: PDB '' was not found with 'Engine_Debug.lib(iff_scanlist.obj)' or at ''; linking object as if no debug info
Engine_Debug.lib(iff_list.obj) : warning LNK4099: PDB '' was not found with 'Engine_Debug.lib(iff_list.obj)' or at ''; linking object as if no debug info
Engine_Debug.lib(iff_nodes.obj) : warning LNK4099: PDB '' was not found with 'Engine_Debug.lib(iff_nodes.obj)' or at ''; linking object as if no debug info
Engine_Debug.lib(iff_fmemory.obj) : warning LNK4099: PDB '' was not found with 'Engine_Debug.lib(iff_fmemory.obj)' or at ''; linking object as if no debug info
Engine_Debug.lib(iff_getext.obj) : warning LNK4099: PDB '' was not found with 'Engine_Debug.lib(iff_getext.obj)' or at ''; linking object as if no debug info
Engine_Debug.lib(iff_filter.obj) : warning LNK4099: PDB '' was not found with 'Engine_Debug.lib(iff_filter.obj)' or at ''; linking object as if no debug info
Engine_Debug.lib(iff_tmpname.obj) : warning LNK4099: PDB '' was not found with 'Engine_Debug.lib(iff_tmpname.obj)' or at ''; linking object as if no debug info
Engine_Debug.lib(iff_fdwrite.obj) : warning LNK4099: PDB '' was not found with 'Engine_Debug.lib(iff_fdwrite.obj)' or at ''; linking object as if no debug info
Engine_Debug.lib(iff_findfile.obj) : warning LNK4099: PDB '' was not found with 'Engine_Debug.lib(iff_findfile.obj)' or at ''; linking object as if no debug info
Engine_Debug.lib(iff_marks.obj) : warning LNK4099: PDB '' was not found with 'Engine_Debug.lib(iff_marks.obj)' or at ''; linking object as if no debug info
Engine_Debug.lib(iff_context.obj) : warning LNK4099: PDB '' was not found with 'Engine_Debug.lib(iff_context.obj)' or at ''; linking object as if no debug info
Engine_Debug.lib(iff_wait.obj) : warning LNK4099: PDB '' was not found with 'Engine_Debug.lib(iff_wait.obj)' or at ''; linking object as if no debug info
Engine_Debug.lib(iff_setdelay.obj) : warning LNK4099: PDB '' was not found with 'Engine_Debug.lib(iff_setdelay.obj)' or at ''; linking object as if no debug info
Engine_Debug.lib(iff_flsetid.obj) : warning LNK4099: PDB '' was not found with 'Engine_Debug.lib(iff_flsetid.obj)' or at ''; linking object as if no debug info
Engine_Debug.lib(iff_filter8.obj) : warning LNK4099: PDB '' was not found with 'Engine_Debug.lib(iff_filter8.obj)' or at ''; linking object as if no debug info
Engine_Debug.lib(iff_marks8.obj) : warning LNK4099: PDB '' was not found with 'Engine_Debug.lib(iff_marks8.obj)' or at ''; linking object as if no debug info
Engine_Debug.lib(iff_context8.obj) : warning LNK4099: PDB '' was not found with 'Engine_Debug.lib(iff_context8.obj)' or at ''; linking object as if no debug info
Engine_Debug.lib(iff_flsetid8.obj) : warning LNK4099: PDB '' was not found with 'Engine_Debug.lib(iff_flsetid8.obj)' or at ''; linking object as if no debug info
Engine_Debug.lib(OStream.obj) : warning LNK4099: PDB '' was not found with 'Engine_Debug.lib(OStream.obj)' or at ''; linking object as if no debug info
Engine_Debug.lib(SpookyV2.obj) : warning LNK4099: PDB '' was not found with 'Engine_Debug.lib(SpookyV2.obj)' or at ''; linking object as if no debug info
Engine_Debug.lib(CpwData.obj) : warning LNK4099: PDB '' was not found with 'Engine_Debug.lib(CpwData.obj)' or at ''; linking object as if no debug info
Engine_Debug.lib(CpwImpl.obj) : warning LNK4099: PDB '' was not found with 'Engine_Debug.lib(CpwImpl.obj)' or at ''; linking object as if no debug info
Engine_Debug.lib(ObjectWriter.obj) : warning LNK4099: PDB '' was not found with 'Engine_Debug.lib(ObjectWriter.obj)' or at ''; linking object as if no debug info
Engine_Debug.lib(IStreams.obj) : warning LNK4099: PDB '' was not found with 'Engine_Debug.lib(IStreams.obj)' or at ''; linking object as if no debug info
Engine_Debug.lib(CprData.obj) : warning LNK4099: PDB '' was not found with 'Engine_Debug.lib(CprData.obj)' or at ''; linking object as if no debug info
Engine_Debug.lib(CprImpl.cpp.obj) : warning LNK4099: PDB '' was not found with 'Engine_Debug.lib(CprImpl.cpp.obj)' or at ''; linking object as if no debug info
Engine_Debug.lib(ObjectReader.obj) : warning LNK4099: PDB '' was not found with 'Engine_Debug.lib(ObjectReader.obj)' or at ''; linking object as if no debug info
Engine_Debug.lib(half.obj) : warning LNK4099: PDB '' was not found with 'Engine_Debug.lib(half.obj)' or at ''; linking object as if no debug info
Engine_Debug.lib(ArraySample.obj) : warning LNK4099: PDB '' was not found with 'Engine_Debug.lib(ArraySample.obj)' or at ''; linking object as if no debug info
Engine_Debug.lib(CprImpl.cpp.obj) : warning LNK4099: PDB '' was not found with 'Engine_Debug.lib(CprImpl.cpp.obj)' or at ''; linking object as if no debug info
Engine_Debug.lib(awOSFileOps.obj) : warning LNK4099: PDB '' was not found with 'Engine_Debug.lib(awOSFileOps.obj)' or at ''; linking object as if no debug info
Engine_Debug.lib(iff_exec.obj) : warning LNK4099: PDB '' was not found with 'Engine_Debug.lib(iff_exec.obj)' or at ''; linking object as if no debug info
Engine_Debug.lib(iff_flpath.obj) : warning LNK4099: PDB '' was not found with 'Engine_Debug.lib(iff_flpath.obj)' or at ''; linking object as if no debug info
Engine_Debug.lib(iff_gettype.obj) : warning LNK4099: PDB '' was not found with 'Engine_Debug.lib(iff_gettype.obj)' or at ''; linking object as if no debug info
Engine_Debug.lib(SpwImpl.obj) : warning LNK4099: PDB '' was not found with 'Engine_Debug.lib(SpwImpl.obj)' or at ''; linking object as if no debug info
Engine_Debug.lib(ApwImpl.obj) : warning LNK4099: PDB '' was not found with 'Engine_Debug.lib(ApwImpl.obj)' or at ''; linking object as if no debug info
Engine_Debug.lib(BasePropertyWriter.obj) : warning LNK4099: PDB '' was not found with 'Engine_Debug.lib(BasePropertyWriter.obj)' or at ''; linking object as if no debug info
Engine_Debug.lib(CompoundPropertyWriter.obj) : warning LNK4099: PDB '' was not found with 'Engine_Debug.lib(CompoundPropertyWriter.obj)' or at ''; linking object as if no debug info
Engine_Debug.lib(SprImpl.obj) : warning LNK4099: PDB '' was not found with 'Engine_Debug.lib(SprImpl.obj)' or at ''; linking object as if no debug info
Engine_Debug.lib(AprImpl.obj) : warning LNK4099: PDB '' was not found with 'Engine_Debug.lib(AprImpl.obj)' or at ''; linking object as if no debug info
Engine_Debug.lib(BasePropertyReader.obj) : warning LNK4099: PDB '' was not found with 'Engine_Debug.lib(BasePropertyReader.obj)' or at ''; linking object as if no debug info
Engine_Debug.lib(CompoundPropertyReader.obj) : warning LNK4099: PDB '' was not found with 'Engine_Debug.lib(CompoundPropertyReader.obj)' or at ''; linking object as if no debug info
Engine_Debug.lib(Murmur3.obj) : warning LNK4099: PDB '' was not found with 'Engine_Debug.lib(Murmur3.obj)' or at ''; linking object as if no debug info
Engine_Debug.lib(iff_work.obj) : warning LNK4099: PDB '' was not found with 'Engine_Debug.lib(iff_work.obj)' or at ''; linking object as if no debug info
Engine_Debug.lib(ScalarPropertyWriter.obj) : warning LNK4099: PDB '' was not found with 'Engine_Debug.lib(ScalarPropertyWriter.obj)' or at ''; linking object as if no debug info
Engine_Debug.lib(ArrayPropertyWriter.obj) : warning LNK4099: PDB '' was not found with 'Engine_Debug.lib(ArrayPropertyWriter.obj)' or at ''; linking object as if no debug info
Engine_Debug.lib(ScalarPropertyReader.obj) : warning LNK4099: PDB '' was not found with 'Engine_Debug.lib(ScalarPropertyReader.obj)' or at ''; linking object as if no debug info
Engine_Debug.lib(ArrayPropertyReader.obj) : warning LNK4099: PDB '' was not found with 'Engine_Debug.lib(ArrayPropertyReader.obj)' or at ''; linking object as if no debug info
  ModelViewer.vcxproj -> C:\Users\tovel\Perforce\TOVE_SP7_HEMMA\FriendshipEngine\bin\Debug\ModelViewer_Debug.exe
