c:\users\tovel\perforce\tove_sp7_hemma\friendshipengine\intermediate\assets\debug\assets_debug.pch
c:\users\tovel\perforce\tove_sp7_hemma\friendshipengine\bin\debug\assets_debug.pdb
c:\users\tovel\perforce\tove_sp7_hemma\friendshipengine\bin\debug\assets_debug.idb
c:\users\tovel\perforce\tove_sp7_hemma\friendshipengine\intermediate\assets\debug\pch.obj
c:\users\tovel\perforce\tove_sp7_hemma\friendshipengine\intermediate\assets\debug\shaderdatabase.obj
c:\users\tovel\perforce\tove_sp7_hemma\friendshipengine\intermediate\assets\debug\binaryfileutility.obj
c:\users\tovel\perforce\tove_sp7_hemma\friendshipengine\intermediate\assets\debug\sharedfactoryfunctions.obj
c:\users\tovel\perforce\tove_sp7_hemma\friendshipengine\intermediate\assets\debug\assetdatabase.obj
c:\users\tovel\perforce\tove_sp7_hemma\friendshipengine\intermediate\assets\debug\modelfactory.obj
c:\users\tovel\perforce\tove_sp7_hemma\friendshipengine\intermediate\assets\debug\animationfactory.obj
c:\users\tovel\perforce\tove_sp7_hemma\friendshipengine\intermediate\assets\debug\texturefactory.obj
c:\users\tovel\perforce\tove_sp7_hemma\friendshipengine\intermediate\assets\debug\binaryanimationfactory.obj
c:\users\tovel\perforce\tove_sp7_hemma\friendshipengine\intermediate\assets\debug\binarymeshfactory.obj
c:\users\tovel\perforce\tove_sp7_hemma\friendshipengine\intermediate\assets\debug\ddstextureloader11.obj
c:\users\tovel\perforce\tove_sp7_hemma\friendshipengine\bin\debug\assets_debug.lib
c:\users\tovel\perforce\tove_sp7_hemma\friendshipengine\intermediate\assets\debug\..\..\..\bin\debug\assets_debug.pdb
c:\users\tovel\perforce\tove_sp7_hemma\friendshipengine\intermediate\assets\debug\..\..\..\intermediate\assets\debug\assets.vcxproj.filelistabsolute.txt
c:\users\tovel\perforce\tove_sp7_hemma\friendshipengine\intermediate\assets\debug\assets.tlog\cl.command.1.tlog
c:\users\tovel\perforce\tove_sp7_hemma\friendshipengine\intermediate\assets\debug\assets.tlog\cl.items.tlog
c:\users\tovel\perforce\tove_sp7_hemma\friendshipengine\intermediate\assets\debug\assets.tlog\cl.read.1.tlog
c:\users\tovel\perforce\tove_sp7_hemma\friendshipengine\intermediate\assets\debug\assets.tlog\cl.write.1.tlog
c:\users\tovel\perforce\tove_sp7_hemma\friendshipengine\intermediate\assets\debug\assets.tlog\lib-link.read.1.tlog
c:\users\tovel\perforce\tove_sp7_hemma\friendshipengine\intermediate\assets\debug\assets.tlog\lib-link.write.1.tlog
c:\users\tovel\perforce\tove_sp7_hemma\friendshipengine\intermediate\assets\debug\assets.tlog\lib.command.1.tlog
