  ModelViewer.cpp
  ModelViewerLauncher.cpp
C:\Users\tovel\Perforce\TOVE_SP7_HEMMA\FriendshipEngine\source\editor\modelViewer\ModelViewer.cpp(64,2): error C2027: use of undefined type 'DirectionalLightManager'
  C:\Users\tovel\Perforce\TOVE_SP7_HEMMA\FriendshipEngine\source\engine\engine\graphics\GraphicsEngine.h(34,7):
  see declaration of 'DirectionalLightManager'
  
C:\Users\tovel\Perforce\TOVE_SP7_HEMMA\FriendshipEngine\source\editor\modelViewer\ModelViewer.cpp(65,2): error C2027: use of undefined type 'DirectionalLightManager'
  C:\Users\tovel\Perforce\TOVE_SP7_HEMMA\FriendshipEngine\source\engine\engine\graphics\GraphicsEngine.h(34,7):
  see declaration of 'DirectionalLightManager'
  
C:\Users\tovel\Perforce\TOVE_SP7_HEMMA\FriendshipEngine\source\editor\modelViewer\ModelViewer.cpp(106,32): error C2027: use of undefined type 'DirectionalLightManager'
  C:\Users\tovel\Perforce\TOVE_SP7_HEMMA\FriendshipEngine\source\engine\engine\graphics\GraphicsEngine.h(34,7):
  see declaration of 'DirectionalLightManager'
  
C:\Users\tovel\Perforce\TOVE_SP7_HEMMA\FriendshipEngine\source\editor\modelViewer\ModelViewer.cpp(232,39): error C2027: use of undefined type 'DirectionalLightManager'
  C:\Users\tovel\Perforce\TOVE_SP7_HEMMA\FriendshipEngine\source\engine\engine\graphics\GraphicsEngine.h(34,7):
  see declaration of 'DirectionalLightManager'
  
C:\Users\tovel\Perforce\TOVE_SP7_HEMMA\FriendshipEngine\source\editor\modelViewer\ModelViewer.cpp(233,36): error C2027: use of undefined type 'DirectionalLightManager'
  C:\Users\tovel\Perforce\TOVE_SP7_HEMMA\FriendshipEngine\source\engine\engine\graphics\GraphicsEngine.h(34,7):
  see declaration of 'DirectionalLightManager'
  
C:\Users\tovel\Perforce\TOVE_SP7_HEMMA\FriendshipEngine\source\editor\modelViewer\ModelViewer.cpp(258,4): error C2027: use of undefined type 'DirectionalLightManager'
  C:\Users\tovel\Perforce\TOVE_SP7_HEMMA\FriendshipEngine\source\engine\engine\graphics\GraphicsEngine.h(34,7):
  see declaration of 'DirectionalLightManager'
  
C:\Users\tovel\Perforce\TOVE_SP7_HEMMA\FriendshipEngine\source\editor\modelViewer\ModelViewer.cpp(262,4): error C2027: use of undefined type 'DirectionalLightManager'
  C:\Users\tovel\Perforce\TOVE_SP7_HEMMA\FriendshipEngine\source\engine\engine\graphics\GraphicsEngine.h(34,7):
  see declaration of 'DirectionalLightManager'
  
C:\Users\tovel\Perforce\TOVE_SP7_HEMMA\FriendshipEngine\source\editor\modelViewer\ModelViewer.cpp(470,2): error C2027: use of undefined type 'DirectionalLightManager'
  C:\Users\tovel\Perforce\TOVE_SP7_HEMMA\FriendshipEngine\source\engine\engine\graphics\GraphicsEngine.h(34,7):
  see declaration of 'DirectionalLightManager'
  
C:\Users\tovel\Perforce\TOVE_SP7_HEMMA\FriendshipEngine\source\editor\modelViewer\ModelViewer.cpp(471,2): error C2027: use of undefined type 'DirectionalLightManager'
  C:\Users\tovel\Perforce\TOVE_SP7_HEMMA\FriendshipEngine\source\engine\engine\graphics\GraphicsEngine.h(34,7):
  see declaration of 'DirectionalLightManager'
  
