c:\users\tovel\perforce\tove_sp7_hemma\friendshipengine\intermediate\editor\debug\assetdatabasewindow.obj
c:\users\tovel\perforce\tove_sp7_hemma\friendshipengine\intermediate\editor\debug\editor.obj
c:\users\tovel\perforce\tove_sp7_hemma\friendshipengine\intermediate\editor\debug\editorlauncher.obj
c:\users\tovel\perforce\tove_sp7_hemma\friendshipengine\intermediate\editor\debug\inspectorwindow.obj
c:\users\tovel\perforce\tove_sp7_hemma\friendshipengine\intermediate\editor\debug\deferredviewwindow.obj
c:\users\tovel\perforce\tove_sp7_hemma\friendshipengine\intermediate\editor\debug\inspector.obj
c:\users\tovel\perforce\tove_sp7_hemma\friendshipengine\intermediate\editor\debug\windowfactory.obj
c:\users\tovel\perforce\tove_sp7_hemma\friendshipengine\intermediate\editor\debug\gameviewwindow.obj
c:\users\tovel\perforce\tove_sp7_hemma\friendshipengine\intermediate\editor\debug\consolewindow.obj
c:\users\tovel\perforce\tove_sp7_hemma\friendshipengine\intermediate\editor\debug\scripteditorwindow.obj
c:\users\tovel\perforce\tove_sp7_hemma\friendshipengine\intermediate\editor\debug\scenehierarchywindow.obj
c:\users\tovel\perforce\tove_sp7_hemma\friendshipengine\intermediate\editor\debug\editormanager.obj
c:\users\tovel\perforce\tove_sp7_hemma\friendshipengine\intermediate\editor\debug\scripteditor.obj
c:\users\tovel\perforce\tove_sp7_hemma\friendshipengine\intermediate\editor\debug\createnodecommand.obj
c:\users\tovel\perforce\tove_sp7_hemma\friendshipengine\intermediate\editor\debug\movenodescommand.obj
c:\users\tovel\perforce\tove_sp7_hemma\friendshipengine\intermediate\editor\debug\createlinkcommand.obj
c:\users\tovel\perforce\tove_sp7_hemma\friendshipengine\intermediate\editor\debug\fixupselectioncommand.obj
c:\users\tovel\perforce\tove_sp7_hemma\friendshipengine\intermediate\editor\debug\editorutility.obj
c:\users\tovel\perforce\tove_sp7_hemma\friendshipengine\intermediate\editor\debug\scripteditorcommand.obj
c:\users\tovel\perforce\tove_sp7_hemma\friendshipengine\intermediate\editor\debug\menueditor.obj
c:\users\tovel\perforce\tove_sp7_hemma\friendshipengine\intermediate\editor\debug\setoverriddenvaluecommand.obj
c:\users\tovel\perforce\tove_sp7_hemma\friendshipengine\intermediate\editor\debug\destroynodeandlinkscommand.obj
c:\users\tovel\perforce\tove_sp7_hemma\friendshipengine\intermediate\editor\debug\vc143.pdb
c:\users\tovel\perforce\tove_sp7_hemma\friendshipengine\intermediate\editor\debug\editorviewwindow.obj
c:\users\tovel\perforce\tove_sp7_hemma\friendshipengine\bin\debug\editor_debug.exe
c:\users\tovel\perforce\tove_sp7_hemma\friendshipengine\intermediate\editor\debug\editor_debug.ilk
c:\users\tovel\perforce\tove_sp7_hemma\friendshipengine\bin\debug\editor_debug.pdb
c:\users\tovel\perforce\tove_sp7_hemma\friendshipengine\intermediate\editor\debug\editormanager.obj.enc
c:\users\tovel\perforce\tove_sp7_hemma\friendshipengine\intermediate\editor\debug\vc143.idb
c:\users\tovel\perforce\tove_sp7_hemma\friendshipengine\intermediate\editor\debug\editor.tlog\cl.command.1.tlog
c:\users\tovel\perforce\tove_sp7_hemma\friendshipengine\intermediate\editor\debug\editor.tlog\cl.items.tlog
c:\users\tovel\perforce\tove_sp7_hemma\friendshipengine\intermediate\editor\debug\editor.tlog\cl.read.1.tlog
c:\users\tovel\perforce\tove_sp7_hemma\friendshipengine\intermediate\editor\debug\editor.tlog\cl.write.1.tlog
c:\users\tovel\perforce\tove_sp7_hemma\friendshipengine\intermediate\editor\debug\editor.tlog\link.command.1.tlog
c:\users\tovel\perforce\tove_sp7_hemma\friendshipengine\intermediate\editor\debug\editor.tlog\link.read.1.tlog
c:\users\tovel\perforce\tove_sp7_hemma\friendshipengine\intermediate\editor\debug\editor.tlog\link.write.1.tlog
