  Editor.vcxproj -> E:\SPECIALISERING\FriendshipEngine\bin\Debug\Editor_Debug.exe

Project Performance Summary:
       18 ms  E:\SPECIALISERING\FriendshipEngine\source\external\External.vcxproj  16 calls
                  0 ms  GetTargetPath                              4 calls
                  0 ms  GetNativeManifest                          4 calls
                 16 ms  GetProjectInfoForReference                 4 calls
                  2 ms  GetCopyToOutputDirectoryItems              4 calls
       19 ms  E:\SPECIALISERING\FriendshipEngine\source\engine\assets\Assets.vcxproj   4 calls
                  2 ms  GetTargetPath                              1 calls
                  1 ms  GetNativeManifest                          1 calls
                 12 ms  GetProjectInfoForReference                 1 calls
                  4 ms  GetCopyToOutputDirectoryItems              1 calls
       32 ms  E:\SPECIALISERING\FriendshipEngine\source\engine\engine\Engine.vcxproj  16 calls
                  2 ms  GetTargetPath                              4 calls
                  0 ms  GetNativeManifest                          4 calls
                 26 ms  GetProjectInfoForReference                 4 calls
                  4 ms  GetCopyToOutputDirectoryItems              4 calls
       99 ms  E:\SPECIALISERING\FriendshipEngine\source\engine\application\Application.vcxproj   8 calls
                  2 ms  GetTargetPath                              2 calls
                  1 ms  GetNativeManifest                          2 calls
                 93 ms  GetProjectInfoForReference                 2 calls
                  3 ms  GetCopyToOutputDirectoryItems              2 calls
      104 ms  E:\SPECIALISERING\FriendshipEngine\source\engine\ecs\ECS.vcxproj  12 calls
                  2 ms  GetTargetPath                              3 calls
                  1 ms  GetNativeManifest                          3 calls
                 98 ms  GetProjectInfoForReference                 3 calls
                  3 ms  GetCopyToOutputDirectoryItems              3 calls
      118 ms  E:\SPECIALISERING\FriendshipEngine\source\editor\shared\Shared.vcxproj   4 calls
                  3 ms  GetTargetPath                              1 calls
                  0 ms  GetNativeManifest                          1 calls
                106 ms  GetProjectInfoForReference                 1 calls
                  9 ms  GetCopyToOutputDirectoryItems              1 calls
      152 ms  E:\SPECIALISERING\FriendshipEngine\source\game\game\Game.vcxproj   4 calls
                  3 ms  GetTargetPath                              1 calls
                  0 ms  GetNativeManifest                          1 calls
                139 ms  GetProjectInfoForReference                 1 calls
                 11 ms  GetCopyToOutputDirectoryItems              1 calls
      867 ms  E:\SPECIALISERING\FriendshipEngine\source\editor\Editor.vcxproj   1 calls
                867 ms  Build                                      1 calls

Target Performance Summary:
        0 ms  Build                                      1 calls
        0 ms  ComputeLinkInputsFromProject               1 calls
        0 ms  ComputeCLGeneratedLinkInputs               1 calls
        0 ms  ComputeCLOutputs                           1 calls
        0 ms  ComputeManifestGeneratedLinkerInputs       1 calls
        0 ms  ComputeRCGeneratedLinkInputs               1 calls
        0 ms  ComputeRCOutputs                           1 calls
        0 ms  BeforeLink                                 1 calls
        0 ms  ComputeLegacyManifestEmbedding             1 calls
        0 ms  BuildLinkTraverse                          1 calls
        0 ms  BuildCompile                               1 calls
        0 ms  _BuildCompileAction                        1 calls
        0 ms  AfterBuildCompileEvent                     1 calls
        0 ms  _ResourceCompile                           1 calls
        0 ms  AfterResourceCompile                       1 calls
        0 ms  MakeDirsForResourceCompile                 1 calls
        0 ms  BeforeResourceCompile                      1 calls
        0 ms  _ClCompile                                 1 calls
        0 ms  AfterClCompile                             1 calls
        0 ms  VcpkgTripletSelection                      1 calls
        0 ms  SelectClCompile                            1 calls
        0 ms  ComputeReferenceCLInput                    1 calls
        0 ms  AddLibrariesToProjectsInfoForReference     7 calls
        0 ms  ResolvedLinkLib                            8 calls
        0 ms  ComputeResolveLinkObj                      1 calls
        0 ms  ComputeManifestInputsTargets               1 calls
        0 ms  SplitResourcesByCulture                    1 calls
        0 ms  CreateCustomManifestResourceNames          1 calls
        0 ms  _CheckForCompileOutputs                    1 calls
        0 ms  _Deploy                                    1 calls
        0 ms  _Appverifier                               1 calls
        0 ms  CreateSatelliteAssemblies                  1 calls
        0 ms  _GenerateSatelliteAssemblyInputs           1 calls
        0 ms  CopyFilesToOutputDirectory                 1 calls
        0 ms  ContentFilesProjectOutputGroup             1 calls
        0 ms  MakeDirsForFxc                             1 calls
        0 ms  SatelliteDllsProjectOutputGroup            1 calls
        0 ms  _BscMake                                   1 calls
        0 ms  MakeDirsForBscMake                         1 calls
        0 ms  AddDeployRecipeFileToProjectsInfoForReference   7 calls
        0 ms  ComputeCLCompileGeneratedSbrFiles          1 calls
        0 ms  MakeDirsForXdcMake                         1 calls
        0 ms  ComputeCLCompileGeneratedXDCFiles          1 calls
        0 ms  ResolvedXDCMake                            1 calls
        0 ms  _Manifest                                  1 calls
        0 ms  _ALink                                     1 calls
        0 ms  _Link                                      1 calls
        0 ms  AfterLink                                  1 calls
        0 ms  PrepareForRun                              1 calls
        0 ms  PreLinkEvent                               1 calls
        0 ms  DoLinkOutputFilesMatch                     1 calls
        0 ms  PrepareResourceNames                       1 calls
        0 ms  _XdcMake                                   1 calls
        0 ms  PostBuildEvent                             1 calls
        0 ms  GetProjectInfoForReference                 7 calls
        0 ms  _CopySourceItemsToOutputDirectory          1 calls
        0 ms  CopyFileToFolders                          1 calls
        0 ms  _PrepareForBuild                           1 calls
        0 ms  ComputeCustomBuildOutput                   1 calls
        0 ms  _SelectedFiles                             1 calls
        0 ms  PreBuildEvent                              1 calls
        0 ms  BeforeBuildGenerateSources                 1 calls
        0 ms  BuildGenerateSourcesTraverse               1 calls
        0 ms  BuildLink                                  1 calls
        0 ms  _Xsd                                       1 calls
        0 ms  ResolveReferences                          8 calls
        0 ms  AddPublicIncludeDirectoriesToProjectsInfoForReference   7 calls
        0 ms  ResolveSDKReferences                       8 calls
        0 ms  AfterBuild                                 1 calls
        0 ms  BeforeResolveReferences                    8 calls
        0 ms  _AddOutputPathToGlobalPropertiesToRemove   8 calls
        0 ms  GetFrameworkPaths                          8 calls
        0 ms  GetTargetPath                              7 calls
        0 ms  PrepareProjectReferences                   8 calls
        0 ms  AfterResolveReferences                     8 calls
        0 ms  MakeDirsForMidl                            1 calls
        0 ms  SelectCustomBuild                          1 calls
        0 ms  AfterMidl                                  1 calls
        0 ms  _Midl                                      1 calls
        0 ms  AfterBuildGenerateSources                  1 calls
        0 ms  AfterBuildGenerateSourcesEvent             1 calls
        0 ms  GetPublicIncludeDirectories                7 calls
        0 ms  _BuildGenerateSourcesAction                1 calls
        0 ms  BuildGenerateSources                       1 calls
        0 ms  ComputeMIDLGeneratedCompileInputs          8 calls
        0 ms  _BuildLinkAction                           1 calls
        0 ms  BuildCompileTraverse                       1 calls
        0 ms  BeforeClCompile                            1 calls
        0 ms  DisableProjectReferenceRecursionForClInputs   7 calls
        1 ms  FindReferenceAssembliesForReferences       1 calls
        1 ms  ComputeCLInputPDBName                      8 calls
        1 ms  BuiltProjectOutputGroup                    1 calls
        1 ms  GetCopyToOutputDirectoryXamlAppDefs        8 calls
        1 ms  IncrementalClean                           1 calls
        1 ms  MakeDirsForCl                              1 calls
        1 ms  _RemoveNameMetadataFromProjectReferenceItems   4 calls
        1 ms  VcpkgCheckManifestRoot                     1 calls
        1 ms  MakeDirsForLink                            1 calls
        1 ms  IgnoreJavaScriptOutputAssembly             8 calls
        1 ms  GetResolvedWinMD                           8 calls
        1 ms  ExpandSDKReferences                        8 calls
        1 ms  _PopulateCommonStateForGetCopyToOutputDirectoryItems   8 calls
        1 ms  _GetCopyToOutputDirectoryItemsFromThisProject   8 calls
        1 ms  _CheckWindowsSDKInstalled                  8 calls
        1 ms  ComputeLinkSwitches                        1 calls
        1 ms  _CleanGetCurrentAndPriorFileWrites         1 calls
        1 ms  ComputeReferenceLinkInputs                 1 calls
        2 ms  _CalculatePostXamarinTelemetry             1 calls
        2 ms  ResolveAssemblyReferences                  8 calls
        2 ms  ComputeStdModulesCompileInputs             8 calls
        2 ms  GetResolvedLinkLibs                        7 calls
        2 ms  AddExternalIncludDirectoriesToPaths        8 calls
        3 ms  AddPublicBMIsToProjectsInfoForReference    7 calls
        3 ms  GetNativeManifest                          7 calls
        4 ms  _PrepareForReferenceResolution             8 calls
        4 ms  GetTargetPathWithTargetPlatformMoniker     7 calls
        5 ms  SetTelemetryEnvironmentVariables           1 calls
        5 ms  GetReferenceAssemblyPaths                  8 calls
        6 ms  _SplitProjectReferencesByFileExistence     8 calls
        6 ms  AssignProjectConfiguration                 8 calls
        6 ms  CustomBuild                                1 calls
        9 ms  AssignTargetPaths                          8 calls
        9 ms  SetCABuildNativeEnvironmentVariables       8 calls
       14 ms  FinalizeBuildStatus                        1 calls
       29 ms  _GetCopyToOutputDirectoryItemsFromTransitiveProjectReferences   8 calls
       36 ms  SetBuildDefaultEnvironmentVariables        8 calls
       37 ms  _CheckForInvalidConfigurationAndPlatform   8 calls
       38 ms  GetCopyToOutputDirectoryItems              8 calls
       39 ms  Link                                       1 calls
       44 ms  TlogCleanup                                1 calls
       48 ms  CreateRecipeFile                           1 calls
       54 ms  FixupCLCompileOptions                      8 calls
       60 ms  PrepareForBuild                            8 calls
       61 ms  InitializeBuildStatus                      1 calls
      143 ms  ClCompile                                  1 calls
      160 ms  GetReferencedVCProjectsInfo                8 calls
      244 ms  _GetProjectReferenceTargetFrameworkProperties   8 calls
      317 ms  ResolveProjectReferences                   8 calls

Task Performance Summary:
        0 ms  ConvertToAbsolutePath                      1 calls
        0 ms  AssignCulture                              1 calls
        1 ms  RemoveDuplicates                           2 calls
        1 ms  ResolveNonMSBuildProjectOutput             4 calls
        1 ms  FindUnderPath                              5 calls
        1 ms  ReadLinesFromFile                          2 calls
        2 ms  SetRidAgnosticValueForProjects             8 calls
        2 ms  AssignTargetPath                          56 calls
        5 ms  Message                                   39 calls
        5 ms  AssignProjectConfiguration                 8 calls
        5 ms  GetOutOfDateItems                          3 calls
        7 ms  CheckVCToolsetVersion                      8 calls
       12 ms  VCMessage                                  8 calls
       13 ms  Delete                                     2 calls
       19 ms  SetEnv                                    60 calls
       24 ms  MakeDir                                   24 calls
       28 ms  Touch                                      2 calls
       32 ms  Link                                       1 calls
       34 ms  WriteLinesToFile                           1 calls
       34 ms  CallTarget                                16 calls
       44 ms  CleanupStaleTlogItems                      1 calls
       47 ms  GenerateDesktopDeployRecipe                1 calls
      141 ms  CL                                         1 calls
      498 ms  MSBuild                                   20 calls
