c:\users\tovel\perforce\tove_sp7_hemma\friendshipengine\intermediate\engine\debug\engine.obj
c:\users\tovel\perforce\tove_sp7_hemma\friendshipengine\intermediate\engine\debug\error.obj
c:\users\tovel\perforce\tove_sp7_hemma\friendshipengine\intermediate\engine\debug\engine_debug.pch
c:\users\tovel\perforce\tove_sp7_hemma\friendshipengine\bin\debug\engine_debug.pdb
c:\users\tovel\perforce\tove_sp7_hemma\friendshipengine\bin\debug\engine_debug.idb
c:\users\tovel\perforce\tove_sp7_hemma\friendshipengine\intermediate\engine\debug\pch.obj
c:\users\tovel\perforce\tove_sp7_hemma\friendshipengine\intermediate\engine\debug\gbuffer.obj
c:\users\tovel\perforce\tove_sp7_hemma\friendshipengine\intermediate\engine\debug\deferredrenderer.obj
c:\users\tovel\perforce\tove_sp7_hemma\friendshipengine\intermediate\engine\debug\graphicsengine.obj
c:\users\tovel\perforce\tove_sp7_hemma\friendshipengine\intermediate\engine\debug\textservice.obj
c:\users\tovel\perforce\tove_sp7_hemma\friendshipengine\intermediate\engine\debug\postprocess.obj
c:\users\tovel\perforce\tove_sp7_hemma\friendshipengine\intermediate\engine\debug\pixelshader.obj
c:\users\tovel\perforce\tove_sp7_hemma\friendshipengine\intermediate\engine\debug\stringhelper.obj
c:\users\tovel\perforce\tove_sp7_hemma\friendshipengine\intermediate\engine\debug\debugcamera.obj
c:\users\tovel\perforce\tove_sp7_hemma\friendshipengine\intermediate\engine\debug\skeletalmesh.obj
c:\users\tovel\perforce\tove_sp7_hemma\friendshipengine\intermediate\engine\debug\directionallightmanager.obj
c:\users\tovel\perforce\tove_sp7_hemma\friendshipengine\intermediate\engine\debug\texture.obj
c:\users\tovel\perforce\tove_sp7_hemma\friendshipengine\intermediate\engine\debug\spritedrawer.obj
c:\users\tovel\perforce\tove_sp7_hemma\friendshipengine\intermediate\engine\debug\textfile.obj
c:\users\tovel\perforce\tove_sp7_hemma\friendshipengine\intermediate\engine\debug\skeleton.obj
c:\users\tovel\perforce\tove_sp7_hemma\friendshipengine\intermediate\engine\debug\mesh.obj
c:\users\tovel\perforce\tove_sp7_hemma\friendshipengine\intermediate\engine\debug\vertexshader.obj
c:\users\tovel\perforce\tove_sp7_hemma\friendshipengine\intermediate\engine\debug\vfxdatabase.obj
c:\users\tovel\perforce\tove_sp7_hemma\friendshipengine\intermediate\engine\debug\transform.obj
c:\users\tovel\perforce\tove_sp7_hemma\friendshipengine\intermediate\engine\debug\shader.obj
c:\users\tovel\perforce\tove_sp7_hemma\friendshipengine\intermediate\engine\debug\animationplayer.obj
c:\users\tovel\perforce\tove_sp7_hemma\friendshipengine\intermediate\engine\debug\forwardrenderer.obj
c:\users\tovel\perforce\tove_sp7_hemma\friendshipengine\intermediate\engine\debug\animationcontroller.obj
c:\users\tovel\perforce\tove_sp7_hemma\friendshipengine\intermediate\engine\debug\parser.obj
c:\users\tovel\perforce\tove_sp7_hemma\friendshipengine\intermediate\engine\debug\token.obj
c:\users\tovel\perforce\tove_sp7_hemma\friendshipengine\intermediate\engine\debug\debugline.obj
c:\users\tovel\perforce\tove_sp7_hemma\friendshipengine\intermediate\engine\debug\vfxmanager.obj
c:\users\tovel\perforce\tove_sp7_hemma\friendshipengine\intermediate\engine\debug\depthbuffer.obj
c:\users\tovel\perforce\tove_sp7_hemma\friendshipengine\intermediate\engine\debug\meshdrawer.obj
c:\users\tovel\perforce\tove_sp7_hemma\friendshipengine\intermediate\engine\debug\fontfile.obj
c:\users\tovel\perforce\tove_sp7_hemma\friendshipengine\intermediate\engine\debug\inputmanager.obj
c:\users\tovel\perforce\tove_sp7_hemma\friendshipengine\intermediate\engine\debug\camera.obj
c:\users\tovel\perforce\tove_sp7_hemma\friendshipengine\intermediate\engine\debug\sharedmesh.obj
c:\users\tovel\perforce\tove_sp7_hemma\friendshipengine\intermediate\engine\debug\text.obj
c:\users\tovel\perforce\tove_sp7_hemma\friendshipengine\bin\shaders\missing_texture_ps.cso
c:\users\tovel\perforce\tove_sp7_hemma\friendshipengine\bin\shaders\missing_texture_deferred_ps.cso
c:\users\tovel\perforce\tove_sp7_hemma\friendshipengine\bin\shaders\fullscreen_ps.cso
c:\users\tovel\perforce\tove_sp7_hemma\friendshipengine\bin\shaders\fullscreen_vs.cso
c:\users\tovel\perforce\tove_sp7_hemma\friendshipengine\bin\shaders\post_process_ps.cso
c:\users\tovel\perforce\tove_sp7_hemma\friendshipengine\bin\shaders\post_process_vs.cso
c:\users\tovel\perforce\tove_sp7_hemma\friendshipengine\bin\shaders\post_process_tone_map_ps.cso
c:\users\tovel\perforce\tove_sp7_hemma\friendshipengine\bin\shaders\post_process_vignette_ps.cso
c:\users\tovel\perforce\tove_sp7_hemma\friendshipengine\bin\shaders\pbr_default_ps.cso
c:\users\tovel\perforce\tove_sp7_hemma\friendshipengine\bin\shaders\pbr_default_vs.cso
c:\users\tovel\perforce\tove_sp7_hemma\friendshipengine\bin\shaders\pbr_default_instanced_vs.cso
c:\users\tovel\perforce\tove_sp7_hemma\friendshipengine\bin\shaders\pbr_deferred_ps.cso
c:\users\tovel\perforce\tove_sp7_hemma\friendshipengine\bin\shaders\pbr_g_buffer_ps.cso
c:\users\tovel\perforce\tove_sp7_hemma\friendshipengine\bin\shaders\pbr_silhouette_ps.cso
c:\users\tovel\perforce\tove_sp7_hemma\friendshipengine\bin\shaders\pbr_skinned_vs.cso
c:\users\tovel\perforce\tove_sp7_hemma\friendshipengine\bin\shaders\pbr_skinned_instanced_vs.cso
c:\users\tovel\perforce\tove_sp7_hemma\friendshipengine\bin\shaders\instanced_3d_sprite_vs.cso
c:\users\tovel\perforce\tove_sp7_hemma\friendshipengine\bin\shaders\instanced_sprite_vs.cso
c:\users\tovel\perforce\tove_sp7_hemma\friendshipengine\bin\shaders\sprite_ps.cso
c:\users\tovel\perforce\tove_sp7_hemma\friendshipengine\bin\shaders\sprite_vs.cso
c:\users\tovel\perforce\tove_sp7_hemma\friendshipengine\bin\shaders\test_vfx_ps.cso
c:\users\tovel\perforce\tove_sp7_hemma\friendshipengine\bin\debug\engine_debug.lib
c:\users\tovel\perforce\tove_sp7_hemma\friendshipengine\intermediate\engine\debug\..\..\..\bin\debug\engine_debug.pdb
c:\users\tovel\perforce\tove_sp7_hemma\friendshipengine\intermediate\engine\debug\..\..\..\intermediate\engine\debug\engine.vcxproj.filelistabsolute.txt
c:\users\tovel\perforce\tove_sp7_hemma\friendshipengine\intermediate\engine\debug\engine.tlog\cl.command.1.tlog
c:\users\tovel\perforce\tove_sp7_hemma\friendshipengine\intermediate\engine\debug\engine.tlog\cl.items.tlog
c:\users\tovel\perforce\tove_sp7_hemma\friendshipengine\intermediate\engine\debug\engine.tlog\cl.read.1.tlog
c:\users\tovel\perforce\tove_sp7_hemma\friendshipengine\intermediate\engine\debug\engine.tlog\cl.write.1.tlog
c:\users\tovel\perforce\tove_sp7_hemma\friendshipengine\intermediate\engine\debug\engine.tlog\fxc.command.1.tlog
c:\users\tovel\perforce\tove_sp7_hemma\friendshipengine\intermediate\engine\debug\engine.tlog\fxc.read.1.tlog
c:\users\tovel\perforce\tove_sp7_hemma\friendshipengine\intermediate\engine\debug\engine.tlog\fxc.write.1.tlog
c:\users\tovel\perforce\tove_sp7_hemma\friendshipengine\intermediate\engine\debug\engine.tlog\lib-link.read.1.tlog
c:\users\tovel\perforce\tove_sp7_hemma\friendshipengine\intermediate\engine\debug\engine.tlog\lib-link.write.1.tlog
c:\users\tovel\perforce\tove_sp7_hemma\friendshipengine\intermediate\engine\debug\engine.tlog\lib.command.1.tlog
