  EditorConsole.cpp
  Editor.cpp
  EditorLauncher.cpp
  EditorManager.cpp
  EditorUtility.cpp
  Inspector.cpp
  MenuEditor.cpp
  ScriptEditor.cpp
  CreateLinkCommand.cpp
  CreateNodeCommand.cpp
  DestroyNodeAndLinksCommand.cpp
  FixUpSelectionCommand.cpp
  MoveNodesCommand.cpp
  ScriptEditorCommand.cpp
  SetOverriddenValueCommand.cpp
C:\Users\tovel\Perforce\TOVE_SP7_HEMMA\FriendshipEngine\source\editor\editor\inspector\Inspector.cpp(72,22): error C2039: 'TryGetComponent': is not a member of 'World'
  C:\Users\tovel\Perforce\TOVE_SP7_HEMMA\FriendshipEngine\source\engine\ecs\World.h(17,7):
  see declaration of 'World'
  
C:\Users\tovel\Perforce\TOVE_SP7_HEMMA\FriendshipEngine\source\editor\editor\inspector\Inspector.cpp(72,38): error C2065: 'MetaDataComponent': undeclared identifier
C:\Users\tovel\Perforce\TOVE_SP7_HEMMA\FriendshipEngine\source\editor\editor\inspector\Inspector.cpp(74,45): error C2065: 'MetaDataComponent': undeclared identifier
C:\Users\tovel\Perforce\TOVE_SP7_HEMMA\FriendshipEngine\source\editor\editor\inspector\Inspector.cpp(74,30): error C2672: 'World::GetComponent': no matching overloaded function found
  C:\Users\tovel\Perforce\TOVE_SP7_HEMMA\FriendshipEngine\source\engine\ecs\World.h(53,5):
  could be 'T &World::GetComponent(const Entity &)'
  	C:\Users\tovel\Perforce\TOVE_SP7_HEMMA\FriendshipEngine\source\editor\editor\inspector\Inspector.cpp(74,45):
  	'World::GetComponent': invalid template argument for 'T', type expected
  
C:\Users\tovel\Perforce\TOVE_SP7_HEMMA\FriendshipEngine\source\editor\editor\inspector\Inspector.cpp(74,14): error C2530: 'data': references must be initialized
C:\Users\tovel\Perforce\TOVE_SP7_HEMMA\FriendshipEngine\source\editor\editor\inspector\Inspector.cpp(76,40): error C3536: 'data': cannot be used before it is initialized
C:\Users\tovel\Perforce\TOVE_SP7_HEMMA\FriendshipEngine\source\editor\editor\inspector\Inspector.cpp(87,22): error C2039: 'TryGetComponent': is not a member of 'World'
  C:\Users\tovel\Perforce\TOVE_SP7_HEMMA\FriendshipEngine\source\engine\ecs\World.h(17,7):
  see declaration of 'World'
  
C:\Users\tovel\Perforce\TOVE_SP7_HEMMA\FriendshipEngine\source\editor\editor\inspector\Inspector.cpp(122,22): error C2039: 'TryGetComponent': is not a member of 'World'
  C:\Users\tovel\Perforce\TOVE_SP7_HEMMA\FriendshipEngine\source\engine\ecs\World.h(17,7):
  see declaration of 'World'
  
C:\Users\tovel\Perforce\TOVE_SP7_HEMMA\FriendshipEngine\source\editor\editor\inspector\Inspector.cpp(189,22): error C2039: 'TryGetComponent': is not a member of 'World'
  C:\Users\tovel\Perforce\TOVE_SP7_HEMMA\FriendshipEngine\source\engine\ecs\World.h(17,7):
  see declaration of 'World'
  
C:\Users\tovel\Perforce\TOVE_SP7_HEMMA\FriendshipEngine\source\editor\editor\inspector\Inspector.cpp(189,99): error C2039: 'TryGetComponent': is not a member of 'World'
  C:\Users\tovel\Perforce\TOVE_SP7_HEMMA\FriendshipEngine\source\engine\ecs\World.h(17,7):
  see declaration of 'World'
  
C:\Users\tovel\Perforce\TOVE_SP7_HEMMA\FriendshipEngine\source\editor\editor\inspector\Inspector.cpp(235,22): error C2039: 'TryGetComponent': is not a member of 'World'
  C:\Users\tovel\Perforce\TOVE_SP7_HEMMA\FriendshipEngine\source\engine\ecs\World.h(17,7):
  see declaration of 'World'
  
C:\Users\tovel\Perforce\TOVE_SP7_HEMMA\FriendshipEngine\source\editor\editor\inspector\Inspector.cpp(310,22): error C2039: 'TryGetComponent': is not a member of 'World'
  C:\Users\tovel\Perforce\TOVE_SP7_HEMMA\FriendshipEngine\source\engine\ecs\World.h(17,7):
  see declaration of 'World'
  
C:\Users\tovel\Perforce\TOVE_SP7_HEMMA\FriendshipEngine\source\editor\editor\EditorManager.cpp(145,36): error C2039: 'GetDrawCalls': is not a member of 'GraphicsEngine'
  C:\Users\tovel\Perforce\TOVE_SP7_HEMMA\FriendshipEngine\source\engine\engine\graphics\Camera.h(6,7):
  see declaration of 'GraphicsEngine'
  
C:\Users\tovel\Perforce\TOVE_SP7_HEMMA\FriendshipEngine\source\editor\editor\EditorManager.cpp(293,49): error C2039: 'GetEntities': is not a member of 'World'
  C:\Users\tovel\Perforce\TOVE_SP7_HEMMA\FriendshipEngine\source\game\game\stateStack\StateStack.h(9,7):
  see declaration of 'World'
  
C:\Users\tovel\Perforce\TOVE_SP7_HEMMA\FriendshipEngine\source\editor\editor\EditorManager.cpp(307,46): error C2065: 'MetaDataComponent': undeclared identifier
C:\Users\tovel\Perforce\TOVE_SP7_HEMMA\FriendshipEngine\source\editor\editor\EditorManager.cpp(307,31): error C2672: 'World::GetComponent': no matching overloaded function found
  C:\Users\tovel\Perforce\TOVE_SP7_HEMMA\FriendshipEngine\source\engine\ecs\World.h(53,5):
  could be 'T &World::GetComponent(const Entity &)'
  	C:\Users\tovel\Perforce\TOVE_SP7_HEMMA\FriendshipEngine\source\editor\editor\EditorManager.cpp(307,46):
  	'World::GetComponent': invalid template argument for 'T', type expected
  
C:\Users\tovel\Perforce\TOVE_SP7_HEMMA\FriendshipEngine\source\editor\editor\EditorManager.cpp(307,15): error C2530: 'data': references must be initialized
C:\Users\tovel\Perforce\TOVE_SP7_HEMMA\FriendshipEngine\source\editor\editor\EditorManager.cpp(309,82): error C3536: 'data': cannot be used before it is initialized
